<?xml version="1.0" encoding="utf-8"?>
<TestRun id="c414a5e8-d070-4cea-a120-bdd850b60f4c" name="amand@AMND 2026-01-09 15:52:39" runUser="AMND\amand" xmlns="http://microsoft.com/schemas/VisualStudio/TeamTest/2010">
  <Times creation="2026-01-09T15:52:39.1815714-03:00" queuing="2026-01-09T15:52:39.1815715-03:00" start="2026-01-09T15:52:38.5240662-03:00" finish="2026-01-09T15:52:39.5787497-03:00" />
  <TestSettings name="default" id="4f0826b0-6f2e-49cb-9b30-f206d1c80a9a">
    <Deployment runDeploymentRoot="amand_AMND_2026-01-09_15_52_39" />
  </TestSettings>
  <Results>
    <UnitTestResult executionId="f77f54e1-fe5b-4d20-a9ff-46b67f1253b6" testId="de193ac9-78c0-4a3f-f287-fbdde1b32dfb" testName="Production.Tests.Application.Commands.UpdateProductionOrderStatusCommandHandlerTests.Handle_WithInvalidStatus_ShouldThrowValidationException" computerName="AMND" duration="00:00:00.0012055" startTime="2026-01-09T15:52:39.2086293-03:00" endTime="2026-01-09T15:52:39.2086294-03:00" testType="13cdc9d9-ddb5-4fa4-a97d-d965ccfc6d4b" outcome="Passed" testListId="8c84fa94-04c1-424b-9868-57a2d4851a1d" relativeResultsDirectory="f77f54e1-fe5b-4d20-a9ff-46b67f1253b6" />
    <UnitTestResult executionId="1732d4c0-dcf1-4185-8bd5-dadd3a53981b" testId="fb08a6f8-96cb-0cc1-c05a-a432b0c28e5b" testName="Production.Tests.Domain.Shared.Entities.EntityTests.Constructor_ShouldSetIdAndCreatedAt" computerName="AMND" duration="00:00:00.0006234" startTime="2026-01-09T15:52:39.1745057-03:00" endTime="2026-01-09T15:52:39.1745057-03:00" testType="13cdc9d9-ddb5-4fa4-a97d-d965ccfc6d4b" outcome="Passed" testListId="8c84fa94-04c1-424b-9868-57a2d4851a1d" relativeResultsDirectory="1732d4c0-dcf1-4185-8bd5-dadd3a53981b" />
    <UnitTestResult executionId="d88a5184-0730-4ee9-8f6f-bb0cb9e9c31e" testId="7f2aa693-4479-6516-6a37-8739f6a5dde9" testName="Production.Tests.Domain.Shared.Entities.EntityTests.GetHashCode_ShouldReturnIdHashCode" computerName="AMND" duration="00:00:00.0001240" startTime="2026-01-09T15:52:39.1753450-03:00" endTime="2026-01-09T15:52:39.1753450-03:00" testType="13cdc9d9-ddb5-4fa4-a97d-d965ccfc6d4b" outcome="Passed" testListId="8c84fa94-04c1-424b-9868-57a2d4851a1d" relativeResultsDirectory="d88a5184-0730-4ee9-8f6f-bb0cb9e9c31e" />
    <UnitTestResult executionId="af4a1dbc-8c8a-4d66-97a7-6f65694b4ec2" testId="0bd52fb8-f218-b36f-7485-214f7942bed2" testName="Production.Tests.Domain.ProductionOrders.ProductionOrderTests.MarkAsReady_WhenStatusIsNotInPreparation_ShouldThrowException" computerName="AMND" duration="00:00:00.0002865" startTime="2026-01-09T15:52:39.1789865-03:00" endTime="2026-01-09T15:52:39.1789865-03:00" testType="13cdc9d9-ddb5-4fa4-a97d-d965ccfc6d4b" outcome="Passed" testListId="8c84fa94-04c1-424b-9868-57a2d4851a1d" relativeResultsDirectory="af4a1dbc-8c8a-4d66-97a7-6f65694b4ec2" />
    <UnitTestResult executionId="86125685-eaa1-445f-aaf3-b181fdd7f126" testId="b02c9e30-e63a-39c6-d8c8-d20a9c8c032e" testName="Production.Tests.Api.Controllers.ProductionControllerTests.GetOrdersInProduction_WithValidRequest_ShouldReturnOkResult" computerName="AMND" duration="00:00:00.0010591" startTime="2026-01-09T15:52:39.1964441-03:00" endTime="2026-01-09T15:52:39.1964441-03:00" testType="13cdc9d9-ddb5-4fa4-a97d-d965ccfc6d4b" outcome="Passed" testListId="8c84fa94-04c1-424b-9868-57a2d4851a1d" relativeResultsDirectory="86125685-eaa1-445f-aaf3-b181fdd7f126" />
    <UnitTestResult executionId="c81cd260-1096-48b4-90b7-2d17244f8cb0" testId="b65f9b1e-657e-1414-44e0-1d4a28a988bb" testName="Production.Tests.Domain.ProductionOrders.ProductionOrderItemTests.Create_WithZeroUnitPrice_ShouldThrowException" computerName="AMND" duration="00:00:00.0004234" startTime="2026-01-09T15:52:39.1783104-03:00" endTime="2026-01-09T15:52:39.1783105-03:00" testType="13cdc9d9-ddb5-4fa4-a97d-d965ccfc6d4b" outcome="Passed" testListId="8c84fa94-04c1-424b-9868-57a2d4851a1d" relativeResultsDirectory="c81cd260-1096-48b4-90b7-2d17244f8cb0" />
    <UnitTestResult executionId="4f4ab73e-59d7-4bdf-a58a-0b293bb55301" testId="595d844e-b849-da6d-342d-cae9d12b5e13" testName="Production.Tests.Infrastructure.Data.ProductionDbContextTests.Constructor_ShouldInitialize" computerName="AMND" duration="00:00:00.0001181" startTime="2026-01-09T15:52:39.1987990-03:00" endTime="2026-01-09T15:52:39.1987991-03:00" testType="13cdc9d9-ddb5-4fa4-a97d-d965ccfc6d4b" outcome="Passed" testListId="8c84fa94-04c1-424b-9868-57a2d4851a1d" relativeResultsDirectory="4f4ab73e-59d7-4bdf-a58a-0b293bb55301" />
    <UnitTestResult executionId="e67c3640-5251-4cbc-bfb1-7f59311fb6a8" testId="39705c4e-c78f-9f04-d3c9-a84430ffe991" testName="Production.Tests.Domain.ProductionOrders.ProductionOrderItemTests.Create_WithEmptyProductName_ShouldThrowException" computerName="AMND" duration="00:00:00.0063648" startTime="2026-01-09T15:52:39.1768508-03:00" endTime="2026-01-09T15:52:39.1768509-03:00" testType="13cdc9d9-ddb5-4fa4-a97d-d965ccfc6d4b" outcome="Passed" testListId="8c84fa94-04c1-424b-9868-57a2d4851a1d" relativeResultsDirectory="e67c3640-5251-4cbc-bfb1-7f59311fb6a8" />
    <UnitTestResult executionId="b2e9ce92-520f-4843-ab9e-b12c4444ff4d" testId="3145cb42-1c89-82a7-e5bd-cb73f35e9d28" testName="Production.Tests.Api.Filters.ApiExceptionFilterAttributeTests.OnException_WithUnknownException_ShouldReturnInternalServerErrorResult" computerName="AMND" duration="00:00:00.0079782" startTime="2026-01-09T15:52:39.1731800-03:00" endTime="2026-01-09T15:52:39.1731800-03:00" testType="13cdc9d9-ddb5-4fa4-a97d-d965ccfc6d4b" outcome="Passed" testListId="8c84fa94-04c1-424b-9868-57a2d4851a1d" relativeResultsDirectory="b2e9ce92-520f-4843-ab9e-b12c4444ff4d" />
    <UnitTestResult executionId="adc3b421-1e05-4804-864f-2d1e56cf1c57" testId="c1caecdf-093d-9b40-e4d8-eaef7cf36f63" testName="Production.Tests.Infrastructure.DependencyInjectionTests.AddInfrastructure_ShouldRegisterServices" computerName="AMND" duration="00:00:00.0008037" startTime="2026-01-09T15:52:39.2120904-03:00" endTime="2026-01-09T15:52:39.2120904-03:00" testType="13cdc9d9-ddb5-4fa4-a97d-d965ccfc6d4b" outcome="Passed" testListId="8c84fa94-04c1-424b-9868-57a2d4851a1d" relativeResultsDirectory="adc3b421-1e05-4804-864f-2d1e56cf1c57" />
    <UnitTestResult executionId="34b0f43c-f796-4898-90d2-ddb4b3d6ba46" testId="d16fe068-554e-eded-511c-3c682916e131" testName="Production.Tests.Infrastructure.Services.OrderServiceClientTests.UpdateOrderStatusAsync_WithSuccessResponse_ShouldReturnTrue" computerName="AMND" duration="00:00:00.0006260" startTime="2026-01-09T15:52:39.2095856-03:00" endTime="2026-01-09T15:52:39.2095857-03:00" testType="13cdc9d9-ddb5-4fa4-a97d-d965ccfc6d4b" outcome="Passed" testListId="8c84fa94-04c1-424b-9868-57a2d4851a1d" relativeResultsDirectory="34b0f43c-f796-4898-90d2-ddb4b3d6ba46" />
    <UnitTestResult executionId="17f694b3-3ee2-4812-af90-16f569b5bf31" testId="e4de8d04-de0a-4fd9-7686-510b4fe67317" testName="Production.Tests.Api.Controllers.ProductionControllerTests.GetByOrderId_WithExistingOrder_ShouldReturnOkResult" computerName="AMND" duration="00:00:00.0011137" startTime="2026-01-09T15:52:39.1989060-03:00" endTime="2026-01-09T15:52:39.1989060-03:00" testType="13cdc9d9-ddb5-4fa4-a97d-d965ccfc6d4b" outcome="Passed" testListId="8c84fa94-04c1-424b-9868-57a2d4851a1d" relativeResultsDirectory="17f694b3-3ee2-4812-af90-16f569b5bf31" />
    <UnitTestResult executionId="28c3de7b-a625-4de4-9ad3-c7bb215a2560" testId="98621e4d-78ff-3411-bb11-ecb5ba523d23" testName="Production.Tests.Domain.ProductionOrders.ProductionOrderTests.GetWaitingTimeMinutes_WhenStartedAtIsSet_ShouldReturnTimeFromStartedAt" computerName="AMND" duration="00:00:00.0000281" startTime="2026-01-09T15:52:39.1782467-03:00" endTime="2026-01-09T15:52:39.1782468-03:00" testType="13cdc9d9-ddb5-4fa4-a97d-d965ccfc6d4b" outcome="Passed" testListId="8c84fa94-04c1-424b-9868-57a2d4851a1d" relativeResultsDirectory="28c3de7b-a625-4de4-9ad3-c7bb215a2560" />
    <UnitTestResult executionId="d1796e00-b47f-4831-a361-3d946684473c" testId="4db0967a-fd83-907c-ba58-422e1067c3f8" testName="Production.Tests.Application.Queries.GetOrdersInProductionQueryHandlerTests.Handle_WithNullStatus_ShouldReturnAllOrdersInProduction" computerName="AMND" duration="00:00:00.0012918" startTime="2026-01-09T15:52:39.1858527-03:00" endTime="2026-01-09T15:52:39.1858528-03:00" testType="13cdc9d9-ddb5-4fa4-a97d-d965ccfc6d4b" outcome="Passed" testListId="8c84fa94-04c1-424b-9868-57a2d4851a1d" relativeResultsDirectory="d1796e00-b47f-4831-a361-3d946684473c" />
    <UnitTestResult executionId="69a24d3e-c5a3-4d96-8570-6fe2a5b4d272" testId="33f4f10c-a351-9734-ca2d-67bffc468cdb" testName="Production.Tests.Domain.ProductionOrders.ProductionOrderTests.Create_WithMultipleItems_ShouldCalculateEstimatedMinutes" computerName="AMND" duration="00:00:00.0002731" startTime="2026-01-09T15:52:39.1772026-03:00" endTime="2026-01-09T15:52:39.1772026-03:00" testType="13cdc9d9-ddb5-4fa4-a97d-d965ccfc6d4b" outcome="Passed" testListId="8c84fa94-04c1-424b-9868-57a2d4851a1d" relativeResultsDirectory="69a24d3e-c5a3-4d96-8570-6fe2a5b4d272" />
    <UnitTestResult executionId="60c1d4a8-7668-4540-a43b-66b851e72049" testId="8c5d5da3-c665-2488-fae0-4821ed44dd5a" testName="Production.Tests.Infrastructure.DependencyInjectionTests.AddInfrastructure_WithDefaultConnectionString_ShouldUseDefault" computerName="AMND" duration="00:00:00.0639623" startTime="2026-01-09T15:52:39.2111891-03:00" endTime="2026-01-09T15:52:39.2111892-03:00" testType="13cdc9d9-ddb5-4fa4-a97d-d965ccfc6d4b" outcome="Passed" testListId="8c84fa94-04c1-424b-9868-57a2d4851a1d" relativeResultsDirectory="60c1d4a8-7668-4540-a43b-66b851e72049" />
    <UnitTestResult executionId="a2d914c7-72eb-4ee5-b632-96f2a35f1810" testId="a776f73e-4caf-3d14-d0f2-bcead042845c" testName="Production.Tests.Domain.Shared.Exceptions.DomainExceptionTests.Constructor_WithMessageAndInnerException_ShouldSetBoth" computerName="AMND" duration="00:00:00.0001403" startTime="2026-01-09T15:52:39.1755770-03:00" endTime="2026-01-09T15:52:39.1755770-03:00" testType="13cdc9d9-ddb5-4fa4-a97d-d965ccfc6d4b" outcome="Passed" testListId="8c84fa94-04c1-424b-9868-57a2d4851a1d" relativeResultsDirectory="a2d914c7-72eb-4ee5-b632-96f2a35f1810" />
    <UnitTestResult executionId="37e32b1b-f742-4393-8565-bcec50c04dae" testId="9c731066-4b19-59d0-f2cd-13b0b14f60ce" testName="Production.Tests.Domain.ProductionOrders.ProductionOrderTests.UpdateStatus_WhenStatusIsCompleted_ShouldThrowException" computerName="AMND" duration="00:00:00.0057440" startTime="2026-01-09T15:52:39.1769035-03:00" endTime="2026-01-09T15:52:39.1769036-03:00" testType="13cdc9d9-ddb5-4fa4-a97d-d965ccfc6d4b" outcome="Passed" testListId="8c84fa94-04c1-424b-9868-57a2d4851a1d" relativeResultsDirectory="37e32b1b-f742-4393-8565-bcec50c04dae" />
    <UnitTestResult executionId="70eb946d-4171-46d7-b4fe-86130e0c51e3" testId="f0ff437c-0ebd-253c-9d63-62fa4c456400" testName="Production.Tests.Infrastructure.Services.EmailNotificationServiceTests.NotifyOrderStatusChangeAsync_WithNullCustomerId_ShouldComplete" computerName="AMND" duration="00:00:00.0008739" startTime="2026-01-09T15:52:39.1765015-03:00" endTime="2026-01-09T15:52:39.1765015-03:00" testType="13cdc9d9-ddb5-4fa4-a97d-d965ccfc6d4b" outcome="Passed" testListId="8c84fa94-04c1-424b-9868-57a2d4851a1d" relativeResultsDirectory="70eb946d-4171-46d7-b4fe-86130e0c51e3" />
    <UnitTestResult executionId="c5bdf7d7-fa6f-4cf6-8cb2-96a673087628" testId="7cc0d0ba-6649-9802-f01a-bc0bdc3b6ed9" testName="Production.Tests.Domain.ProductionOrders.ProductionOrderItemTests.Create_WithValidData_ShouldCreateProductionOrderItem" computerName="AMND" duration="00:00:00.0072377" startTime="2026-01-09T15:52:39.1685494-03:00" endTime="2026-01-09T15:52:39.1685495-03:00" testType="13cdc9d9-ddb5-4fa4-a97d-d965ccfc6d4b" outcome="Passed" testListId="8c84fa94-04c1-424b-9868-57a2d4851a1d" relativeResultsDirectory="c5bdf7d7-fa6f-4cf6-8cb2-96a673087628" />
    <UnitTestResult executionId="3792a68c-2da1-4b7e-b6c6-75061b690cfc" testId="b03a6451-eced-50bb-b771-161f8679fdbb" testName="Production.Tests.Infrastructure.Repositories.ProductionOrderRepositoryTests.GetOrdersInProductionAsync_ShouldReturnOrdersInProduction" computerName="AMND" duration="00:00:00.0015407" startTime="2026-01-09T15:52:39.2206566-03:00" endTime="2026-01-09T15:52:39.2206567-03:00" testType="13cdc9d9-ddb5-4fa4-a97d-d965ccfc6d4b" outcome="Passed" testListId="8c84fa94-04c1-424b-9868-57a2d4851a1d" relativeResultsDirectory="3792a68c-2da1-4b7e-b6c6-75061b690cfc" />
    <UnitTestResult executionId="f4db09f7-2df6-4fe3-9894-6a5fe81a5250" testId="58aa29f2-e2dd-539e-f1c8-4255cad011b6" testName="Production.Tests.Application.Queries.GetOrdersInProductionQueryHandlerTests.Handle_WithInvalidStatus_ShouldReturnAllOrdersInProduction" computerName="AMND" duration="00:00:00.0375679" startTime="2026-01-09T15:52:39.1834111-03:00" endTime="2026-01-09T15:52:39.1834112-03:00" testType="13cdc9d9-ddb5-4fa4-a97d-d965ccfc6d4b" outcome="Passed" testListId="8c84fa94-04c1-424b-9868-57a2d4851a1d" relativeResultsDirectory="f4db09f7-2df6-4fe3-9894-6a5fe81a5250" />
    <UnitTestResult executionId="78f8d66d-4254-42d8-bcae-7ae64c0cd0fb" testId="194ab82f-ec8a-449b-aa07-7e923cbd9034" testName="Production.Tests.Api.Controllers.ProductionControllerTests.GetByOrderId_WithNonExistentOrder_ShouldReturnNotFound" computerName="AMND" duration="00:00:00.0005354" startTime="2026-01-09T15:52:39.2012634-03:00" endTime="2026-01-09T15:52:39.2012635-03:00" testType="13cdc9d9-ddb5-4fa4-a97d-d965ccfc6d4b" outcome="Passed" testListId="8c84fa94-04c1-424b-9868-57a2d4851a1d" relativeResultsDirectory="78f8d66d-4254-42d8-bcae-7ae64c0cd0fb" />
    <UnitTestResult executionId="019ae1db-50a9-40d6-9c5d-6776568d64d9" testId="6bfebc20-a9e0-8a63-6ce3-45b6b933b8d3" testName="Production.Tests.Application.Common.Exceptions.NotFoundExceptionTests.Constructor_WithNameAndKey_ShouldFormatMessage" computerName="AMND" duration="00:00:00.0002106" startTime="2026-01-09T15:52:39.1756402-03:00" endTime="2026-01-09T15:52:39.1756403-03:00" testType="13cdc9d9-ddb5-4fa4-a97d-d965ccfc6d4b" outcome="Passed" testListId="8c84fa94-04c1-424b-9868-57a2d4851a1d" relativeResultsDirectory="019ae1db-50a9-40d6-9c5d-6776568d64d9" />
    <UnitTestResult executionId="0c3fa0d0-d669-4894-9df9-f2f721644bf2" testId="88eeb556-9b14-a88a-4990-86e18f4b6dab" testName="Production.Tests.Domain.ProductionOrders.ProductionOrderTests.Complete_WhenStatusIsReady_ShouldComplete" computerName="AMND" duration="00:00:00.0057049" startTime="2026-01-09T15:52:39.1682420-03:00" endTime="2026-01-09T15:52:39.1682420-03:00" testType="13cdc9d9-ddb5-4fa4-a97d-d965ccfc6d4b" outcome="Passed" testListId="8c84fa94-04c1-424b-9868-57a2d4851a1d" relativeResultsDirectory="0c3fa0d0-d669-4894-9df9-f2f721644bf2" />
    <UnitTestResult executionId="00eed3b3-5551-4765-b38a-8d2e51611d3f" testId="2cfba34c-a27f-cc47-cbef-37aeaf0aa770" testName="Production.Tests.Application.Common.Exceptions.NotFoundExceptionTests.Constructor_WithMessage_ShouldSetMessage" computerName="AMND" duration="00:00:00.0001124" startTime="2026-01-09T15:52:39.1752362-03:00" endTime="2026-01-09T15:52:39.1752362-03:00" testType="13cdc9d9-ddb5-4fa4-a97d-d965ccfc6d4b" outcome="Passed" testListId="8c84fa94-04c1-424b-9868-57a2d4851a1d" relativeResultsDirectory="00eed3b3-5551-4765-b38a-8d2e51611d3f" />
    <UnitTestResult executionId="c35d232b-0cbc-45c2-9e19-3407758b23f3" testId="1ce653d4-80e9-2667-46b3-1be4c1377470" testName="Production.Tests.Application.Commands.UpdateProductionOrderStatusCommandHandlerTests.Handle_WithNonExistentOrder_ShouldThrowNotFoundException" computerName="AMND" duration="00:00:00.0550408" startTime="2026-01-09T15:52:39.2008020-03:00" endTime="2026-01-09T15:52:39.2008021-03:00" testType="13cdc9d9-ddb5-4fa4-a97d-d965ccfc6d4b" outcome="Passed" testListId="8c84fa94-04c1-424b-9868-57a2d4851a1d" relativeResultsDirectory="c35d232b-0cbc-45c2-9e19-3407758b23f3" />
    <UnitTestResult executionId="fb6051d3-1ce7-4626-95ca-86787086e961" testId="17c10514-4010-a64e-d39a-83073bcbbb0d" testName="Production.Tests.Api.Controllers.ProductionControllerTests.UpdateStatus_WithGenericException_ShouldReturnStatusCode500" computerName="AMND" duration="00:00:00.0489266" startTime="2026-01-09T15:52:39.1945755-03:00" endTime="2026-01-09T15:52:39.1945756-03:00" testType="13cdc9d9-ddb5-4fa4-a97d-d965ccfc6d4b" outcome="Passed" testListId="8c84fa94-04c1-424b-9868-57a2d4851a1d" relativeResultsDirectory="fb6051d3-1ce7-4626-95ca-86787086e961" />
    <UnitTestResult executionId="a4f6b3c6-352e-4e16-a9f4-8f4366065ec9" testId="17e55ad3-dc58-0a6f-79eb-a94ce2a689fb" testName="Production.Tests.Infrastructure.Services.EmailNotificationServiceTests.NotifyOrderReadyAsync_WithNullCustomerId_ShouldComplete" computerName="AMND" duration="00:00:00.0112651" startTime="2026-01-09T15:52:39.1760422-03:00" endTime="2026-01-09T15:52:39.1760422-03:00" testType="13cdc9d9-ddb5-4fa4-a97d-d965ccfc6d4b" outcome="Passed" testListId="8c84fa94-04c1-424b-9868-57a2d4851a1d" relativeResultsDirectory="a4f6b3c6-352e-4e16-a9f4-8f4366065ec9" />
    <UnitTestResult executionId="ce9970df-71c6-4208-9b28-743e88dc1bb4" testId="93b41cb6-c3c4-2950-56a2-21642de45c62" testName="Production.Tests.Api.Filters.ApiExceptionFilterAttributeTests.OnException_WithValidationException_ShouldReturnBadRequestResult" computerName="AMND" duration="00:00:00.0003589" startTime="2026-01-09T15:52:39.1741649-03:00" endTime="2026-01-09T15:52:39.1741650-03:00" testType="13cdc9d9-ddb5-4fa4-a97d-d965ccfc6d4b" outcome="Passed" testListId="8c84fa94-04c1-424b-9868-57a2d4851a1d" relativeResultsDirectory="ce9970df-71c6-4208-9b28-743e88dc1bb4" />
    <UnitTestResult executionId="308c5831-791b-4bba-b34b-80c42ee30978" testId="0a8807f3-f703-ae54-f2f0-534876cfde53" testName="Production.Tests.Api.Models.ErrorResponseTests.Constructor_WithMultipleErrors_ShouldAddAllErrorsToList" computerName="AMND" duration="00:00:00.0010205" startTime="2026-01-09T15:52:39.1761704-03:00" endTime="2026-01-09T15:52:39.1761705-03:00" testType="13cdc9d9-ddb5-4fa4-a97d-d965ccfc6d4b" outcome="Passed" testListId="8c84fa94-04c1-424b-9868-57a2d4851a1d" relativeResultsDirectory="308c5831-791b-4bba-b34b-80c42ee30978" />
    <UnitTestResult executionId="07d27272-1e14-453b-aa04-ba7918f1931b" testId="ca4f6474-acb4-1447-57bd-980c1c4d547a" testName="Production.Tests.Domain.ProductionOrders.ProductionOrderTests.UpdateStatus_WithInPreparationWhenAlreadyStarted_ShouldNotChangeStartedAt" computerName="AMND" duration="00:00:00.0001847" startTime="2026-01-09T15:52:39.1801946-03:00" endTime="2026-01-09T15:52:39.1801946-03:00" testType="13cdc9d9-ddb5-4fa4-a97d-d965ccfc6d4b" outcome="Passed" testListId="8c84fa94-04c1-424b-9868-57a2d4851a1d" relativeResultsDirectory="07d27272-1e14-453b-aa04-ba7918f1931b" />
    <UnitTestResult executionId="86643479-5521-43cf-98dd-3a51aac86a3d" testId="b73d12a9-733d-88e4-fe21-15154e9b00c0" testName="Production.Tests.Infrastructure.Repositories.ProductionOrderRepositoryTests.UpdateAsync_ShouldUpdateOrder" computerName="AMND" duration="00:00:00.0041245" startTime="2026-01-09T15:52:39.2042275-03:00" endTime="2026-01-09T15:52:39.2042276-03:00" testType="13cdc9d9-ddb5-4fa4-a97d-d965ccfc6d4b" outcome="Passed" testListId="8c84fa94-04c1-424b-9868-57a2d4851a1d" relativeResultsDirectory="86643479-5521-43cf-98dd-3a51aac86a3d" />
    <UnitTestResult executionId="e3fd9a51-9406-43b2-9619-43acdd820f68" testId="fee2a771-b308-e377-30a5-efa794dc153f" testName="Production.Tests.Domain.ProductionOrders.ProductionOrderTests.MarkAsReady_WhenStatusIsInPreparation_ShouldMarkAsReady" computerName="AMND" duration="00:00:00.0000363" startTime="2026-01-09T15:52:39.1785396-03:00" endTime="2026-01-09T15:52:39.1785396-03:00" testType="13cdc9d9-ddb5-4fa4-a97d-d965ccfc6d4b" outcome="Passed" testListId="8c84fa94-04c1-424b-9868-57a2d4851a1d" relativeResultsDirectory="e3fd9a51-9406-43b2-9619-43acdd820f68" />
    <UnitTestResult executionId="ba97171e-2263-4af9-9d32-e7757c9cfdf2" testId="a0673832-5bef-6259-ca5b-eea02188cfe2" testName="Production.Tests.Api.Models.ErrorResponseTests.Constructor_WithSingleError_ShouldAddErrorToList" computerName="AMND" duration="00:00:00.0002779" startTime="2026-01-09T15:52:39.1767816-03:00" endTime="2026-01-09T15:52:39.1767817-03:00" testType="13cdc9d9-ddb5-4fa4-a97d-d965ccfc6d4b" outcome="Passed" testListId="8c84fa94-04c1-424b-9868-57a2d4851a1d" relativeResultsDirectory="ba97171e-2263-4af9-9d32-e7757c9cfdf2" />
    <UnitTestResult executionId="ead6d7d2-0ded-4064-be1a-b5c21743a8bd" testId="87701e49-8c4c-46d7-db95-1e415be97fef" testName="Production.Tests.Api.DTOs.UpdateProductionOrderStatusDtoTests.UpdateProductionOrderStatusDto_Properties_ShouldBeInitialized" computerName="AMND" duration="00:00:00.0060462" startTime="2026-01-09T15:52:39.1632897-03:00" endTime="2026-01-09T15:52:39.1632973-03:00" testType="13cdc9d9-ddb5-4fa4-a97d-d965ccfc6d4b" outcome="Passed" testListId="8c84fa94-04c1-424b-9868-57a2d4851a1d" relativeResultsDirectory="ead6d7d2-0ded-4064-be1a-b5c21743a8bd" />
    <UnitTestResult executionId="c02dd710-f30d-4add-b5ae-6755df1c16f5" testId="ddf63f93-a23f-c195-36dd-6be1cdba694e" testName="Production.Tests.Domain.ProductionOrders.ProductionOrderTests.GetWaitingTimeMinutes_WhenStatusIsReady_ShouldReturnTimeFromReadyAt" computerName="AMND" duration="00:00:00.0000398" startTime="2026-01-09T15:52:39.1779935-03:00" endTime="2026-01-09T15:52:39.1779935-03:00" testType="13cdc9d9-ddb5-4fa4-a97d-d965ccfc6d4b" outcome="Passed" testListId="8c84fa94-04c1-424b-9868-57a2d4851a1d" relativeResultsDirectory="c02dd710-f30d-4add-b5ae-6755df1c16f5" />
    <UnitTestResult executionId="3bf9b59c-d181-49c7-a474-9263622f6542" testId="58bcd6a0-f995-0857-2200-34cfd5657efa" testName="Production.Tests.Api.Models.ErrorResponseTests.Constructor_Default_ShouldInitializeErrorsList" computerName="AMND" duration="00:00:00.0009027" startTime="2026-01-09T15:52:39.1766099-03:00" endTime="2026-01-09T15:52:39.1766100-03:00" testType="13cdc9d9-ddb5-4fa4-a97d-d965ccfc6d4b" outcome="Passed" testListId="8c84fa94-04c1-424b-9868-57a2d4851a1d" relativeResultsDirectory="3bf9b59c-d181-49c7-a474-9263622f6542" />
    <UnitTestResult executionId="21150fb1-59c0-4541-83c6-ece5b1733ef4" testId="3f30fe0c-a1ef-e206-9666-b6495f92ccb1" testName="Production.Tests.Domain.ProductionOrders.ProductionOrderTests.Cancel_WhenStatusIsCompleted_ShouldThrowException" computerName="AMND" duration="00:00:00.0002942" startTime="2026-01-09T15:52:39.1793382-03:00" endTime="2026-01-09T15:52:39.1793382-03:00" testType="13cdc9d9-ddb5-4fa4-a97d-d965ccfc6d4b" outcome="Passed" testListId="8c84fa94-04c1-424b-9868-57a2d4851a1d" relativeResultsDirectory="21150fb1-59c0-4541-83c6-ece5b1733ef4" />
    <UnitTestResult executionId="232a3848-4e1b-4fef-93bc-6197ab3b483c" testId="a3283fe9-ab2b-c181-6575-c0b8bb455826" testName="Production.Tests.Application.Commands.UpdateProductionOrderStatusCommandHandlerTests.Handle_WithValidStatus_ShouldUpdateStatus" computerName="AMND" duration="00:00:00.0014980" startTime="2026-01-09T15:52:39.2074053-03:00" endTime="2026-01-09T15:52:39.2074054-03:00" testType="13cdc9d9-ddb5-4fa4-a97d-d965ccfc6d4b" outcome="Passed" testListId="8c84fa94-04c1-424b-9868-57a2d4851a1d" relativeResultsDirectory="232a3848-4e1b-4fef-93bc-6197ab3b483c" />
    <UnitTestResult executionId="d6b23e06-e3ba-40f8-b192-f4ef7602023b" testId="3a7e7cca-25f9-7d3c-99e8-7c93b8aa1098" testName="Production.Tests.Infrastructure.Services.SmsNotificationServiceTests.NotifyOrderReadyAsync_WithNullCustomerId_ShouldComplete" computerName="AMND" duration="00:00:00.0004729" startTime="2026-01-09T15:52:39.3714000-03:00" endTime="2026-01-09T15:52:39.3714001-03:00" testType="13cdc9d9-ddb5-4fa4-a97d-d965ccfc6d4b" outcome="Passed" testListId="8c84fa94-04c1-424b-9868-57a2d4851a1d" relativeResultsDirectory="d6b23e06-e3ba-40f8-b192-f4ef7602023b" />
    <UnitTestResult executionId="69239b72-204b-48b8-8079-e36dfed402b0" testId="18f4bf04-7e22-9c62-4aa7-6a412146fef3" testName="Production.Tests.Api.Controllers.ProductionControllerTests.UpdateStatus_WithNotFoundException_ShouldReturnNotFound" computerName="AMND" duration="00:00:00.0007524" startTime="2026-01-09T15:52:39.1953646-03:00" endTime="2026-01-09T15:52:39.1953647-03:00" testType="13cdc9d9-ddb5-4fa4-a97d-d965ccfc6d4b" outcome="Passed" testListId="8c84fa94-04c1-424b-9868-57a2d4851a1d" relativeResultsDirectory="69239b72-204b-48b8-8079-e36dfed402b0" />
    <UnitTestResult executionId="6358a68a-8451-4bd9-910d-d36b2ddf2600" testId="3f89ea4c-8dd0-aec7-947d-200ed64a7dd3" testName="Production.Tests.Application.Queries.GetOrdersInProductionQueryHandlerTests.Handle_WithValidStatus_ShouldReturnFilteredOrders" computerName="AMND" duration="00:00:00.0012294" startTime="2026-01-09T15:52:39.1845280-03:00" endTime="2026-01-09T15:52:39.1845281-03:00" testType="13cdc9d9-ddb5-4fa4-a97d-d965ccfc6d4b" outcome="Passed" testListId="8c84fa94-04c1-424b-9868-57a2d4851a1d" relativeResultsDirectory="6358a68a-8451-4bd9-910d-d36b2ddf2600" />
    <UnitTestResult executionId="dd3a0dc2-f9dc-453e-9a84-dbace1dd3c8f" testId="28c2905c-736a-abc9-effe-d855eaeba395" testName="Production.Tests.Domain.Shared.Entities.EntityTests.Equals_WithDifferentId_ShouldReturnFalse" computerName="AMND" duration="00:00:00.0000760" startTime="2026-01-09T15:52:39.1759851-03:00" endTime="2026-01-09T15:52:39.1759851-03:00" testType="13cdc9d9-ddb5-4fa4-a97d-d965ccfc6d4b" outcome="Passed" testListId="8c84fa94-04c1-424b-9868-57a2d4851a1d" relativeResultsDirectory="dd3a0dc2-f9dc-453e-9a84-dbace1dd3c8f" />
    <UnitTestResult executionId="6a3cf183-1249-4400-8057-ca2948ae304d" testId="b54e135d-c263-821c-b0d3-e43faf20ef2a" testName="Production.Tests.Api.Controllers.ProductionControllerTests.UpdateStatus_WithValidRequest_ShouldReturnOkResult" computerName="AMND" duration="00:00:00.0005666" startTime="2026-01-09T15:52:39.2018586-03:00" endTime="2026-01-09T15:52:39.2018587-03:00" testType="13cdc9d9-ddb5-4fa4-a97d-d965ccfc6d4b" outcome="Passed" testListId="8c84fa94-04c1-424b-9868-57a2d4851a1d" relativeResultsDirectory="6a3cf183-1249-4400-8057-ca2948ae304d" />
    <UnitTestResult executionId="fc9660e2-b57b-404a-9253-b22775a24786" testId="aca65a00-2444-a50f-5b52-455841b50ea6" testName="Production.Tests.Domain.Shared.Exceptions.DomainExceptionTests.Constructor_WithMessage_ShouldSetMessage" computerName="AMND" duration="00:00:00.0001226" startTime="2026-01-09T15:52:39.1752920-03:00" endTime="2026-01-09T15:52:39.1752921-03:00" testType="13cdc9d9-ddb5-4fa4-a97d-d965ccfc6d4b" outcome="Passed" testListId="8c84fa94-04c1-424b-9868-57a2d4851a1d" relativeResultsDirectory="fc9660e2-b57b-404a-9253-b22775a24786" />
    <UnitTestResult executionId="538dbb05-d615-466e-8237-aa9f5d2e5e02" testId="af7c8eb2-4e53-5e83-e5be-0134c0e9ee58" testName="Production.Tests.Api.Filters.ApiExceptionFilterAttributeTests.OnException_WithNotFoundException_ShouldReturnNotFoundResult" computerName="AMND" duration="00:00:00.0002217" startTime="2026-01-09T15:52:39.1744437-03:00" endTime="2026-01-09T15:52:39.1744437-03:00" testType="13cdc9d9-ddb5-4fa4-a97d-d965ccfc6d4b" outcome="Passed" testListId="8c84fa94-04c1-424b-9868-57a2d4851a1d" relativeResultsDirectory="538dbb05-d615-466e-8237-aa9f5d2e5e02" />
    <UnitTestResult executionId="9fdea293-07ff-4a33-874f-357ad2e44a64" testId="368e9ae1-32b1-0d2e-8569-ed650ae89225" testName="Production.Tests.Domain.ProductionOrders.ProductionOrderItemTests.Create_WithZeroQuantity_ShouldThrowException" computerName="AMND" duration="00:00:00.0003357" startTime="2026-01-09T15:52:39.1773159-03:00" endTime="2026-01-09T15:52:39.1773159-03:00" testType="13cdc9d9-ddb5-4fa4-a97d-d965ccfc6d4b" outcome="Passed" testListId="8c84fa94-04c1-424b-9868-57a2d4851a1d" relativeResultsDirectory="9fdea293-07ff-4a33-874f-357ad2e44a64" />
    <UnitTestResult executionId="71365cc6-f3d6-4cdc-9507-47746b0088a6" testId="aa90f1d6-2e1f-f55b-742d-ed422f26365e" testName="Production.Tests.Domain.ProductionOrders.ProductionOrderTests.UpdateStatus_WithCancelledStatus_ShouldUpdateStatus" computerName="AMND" duration="00:00:00.0000524" startTime="2026-01-09T15:52:39.1795979-03:00" endTime="2026-01-09T15:52:39.1795980-03:00" testType="13cdc9d9-ddb5-4fa4-a97d-d965ccfc6d4b" outcome="Passed" testListId="8c84fa94-04c1-424b-9868-57a2d4851a1d" relativeResultsDirectory="71365cc6-f3d6-4cdc-9507-47746b0088a6" />
    <UnitTestResult executionId="5b64c004-c9f2-498c-910f-debfe15598ea" testId="d6579aae-b058-6a0b-e3d2-06acf45049ec" testName="Production.Tests.Infrastructure.Services.EmailNotificationServiceTests.NotifyOrderStatusChangeAsync_WithCustomerId_ShouldComplete" computerName="AMND" duration="00:00:00.1080384" startTime="2026-01-09T15:52:39.3710291-03:00" endTime="2026-01-09T15:52:39.3710291-03:00" testType="13cdc9d9-ddb5-4fa4-a97d-d965ccfc6d4b" outcome="Passed" testListId="8c84fa94-04c1-424b-9868-57a2d4851a1d" relativeResultsDirectory="5b64c004-c9f2-498c-910f-debfe15598ea" />
    <UnitTestResult executionId="e2172acb-4ff4-443d-ac6a-6fc9e534a4cc" testId="a8b96f39-1532-835e-81da-a7bf0ebeb59a" testName="Production.Tests.Infrastructure.Repositories.ProductionOrderRepositoryTests.DeleteAsync_ShouldRemoveOrder" computerName="AMND" duration="00:00:00.0027317" startTime="2026-01-09T15:52:39.2178144-03:00" endTime="2026-01-09T15:52:39.2178145-03:00" testType="13cdc9d9-ddb5-4fa4-a97d-d965ccfc6d4b" outcome="Passed" testListId="8c84fa94-04c1-424b-9868-57a2d4851a1d" relativeResultsDirectory="e2172acb-4ff4-443d-ac6a-6fc9e534a4cc" />
    <UnitTestResult executionId="4a2f8494-93ec-4439-b11f-47192301bed6" testId="db5ab54e-e75a-ea81-3f69-145bf35a09d3" testName="Production.Tests.Domain.ProductionOrders.ProductionOrderTests.UpdateStatus_WithInPreparationStatus_ShouldUpdateStatusAndSetStartedAt" computerName="AMND" duration="00:00:00.0000755" startTime="2026-01-09T15:52:39.1777641-03:00" endTime="2026-01-09T15:52:39.1777641-03:00" testType="13cdc9d9-ddb5-4fa4-a97d-d965ccfc6d4b" outcome="Passed" testListId="8c84fa94-04c1-424b-9868-57a2d4851a1d" relativeResultsDirectory="4a2f8494-93ec-4439-b11f-47192301bed6" />
    <UnitTestResult executionId="6ecbd52b-13d1-4c0e-b400-bb677e1576b8" testId="36271e11-99eb-0e1e-c3e7-cc17241da68a" testName="Production.Tests.Domain.Shared.Entities.EntityTests.Equals_WithNull_ShouldReturnFalse" computerName="AMND" duration="00:00:00.0000712" startTime="2026-01-09T15:52:39.1740501-03:00" endTime="2026-01-09T15:52:39.1740501-03:00" testType="13cdc9d9-ddb5-4fa4-a97d-d965ccfc6d4b" outcome="Passed" testListId="8c84fa94-04c1-424b-9868-57a2d4851a1d" relativeResultsDirectory="6ecbd52b-13d1-4c0e-b400-bb677e1576b8" />
    <UnitTestResult executionId="db12bc90-043b-4fad-bc9c-593016b614c7" testId="2d8a414f-3f86-287b-07b4-2771e5fb5b2a" testName="Production.Tests.Domain.ProductionOrders.ProductionOrderTests.Cancel_WhenStatusIsNotCompleted_ShouldCancel" computerName="AMND" duration="00:00:00.0000304" startTime="2026-01-09T15:52:39.1798063-03:00" endTime="2026-01-09T15:52:39.1798064-03:00" testType="13cdc9d9-ddb5-4fa4-a97d-d965ccfc6d4b" outcome="Passed" testListId="8c84fa94-04c1-424b-9868-57a2d4851a1d" relativeResultsDirectory="db12bc90-043b-4fad-bc9c-593016b614c7" />
    <UnitTestResult executionId="2a51de79-21dc-4295-9141-7a003f0c6bbb" testId="9978e775-57bd-33cf-c3cc-08a4c587e713" testName="Production.Tests.Api.Models.ErrorResponseTests.Properties_ShouldBeSettable" computerName="AMND" duration="00:00:00.0001626" startTime="2026-01-09T15:52:39.1763404-03:00" endTime="2026-01-09T15:52:39.1763404-03:00" testType="13cdc9d9-ddb5-4fa4-a97d-d965ccfc6d4b" outcome="Passed" testListId="8c84fa94-04c1-424b-9868-57a2d4851a1d" relativeResultsDirectory="2a51de79-21dc-4295-9141-7a003f0c6bbb" />
    <UnitTestResult executionId="27df5387-4eab-4b7c-95e5-caa7d6d3fba7" testId="eed20927-5707-49ee-b90e-e606fa3041c9" testName="Production.Tests.Infrastructure.Services.EmailNotificationServiceTests.NotifyOrderReadyAsync_WithCustomerId_ShouldComplete" computerName="AMND" duration="00:00:00.1032219" startTime="2026-01-09T15:52:39.2622046-03:00" endTime="2026-01-09T15:52:39.2622048-03:00" testType="13cdc9d9-ddb5-4fa4-a97d-d965ccfc6d4b" outcome="Passed" testListId="8c84fa94-04c1-424b-9868-57a2d4851a1d" relativeResultsDirectory="27df5387-4eab-4b7c-95e5-caa7d6d3fba7" />
    <UnitTestResult executionId="e7943f20-7c16-4736-9c43-04531861958b" testId="15d82cc3-9463-af96-8fd3-8ef0a8349f45" testName="Production.Tests.Infrastructure.Data.ProductionDbContextTests.ProductionOrders_ShouldReturnCollection" computerName="AMND" duration="00:00:00.0412546" startTime="2026-01-09T15:52:39.1978719-03:00" endTime="2026-01-09T15:52:39.1978721-03:00" testType="13cdc9d9-ddb5-4fa4-a97d-d965ccfc6d4b" outcome="Passed" testListId="8c84fa94-04c1-424b-9868-57a2d4851a1d" relativeResultsDirectory="e7943f20-7c16-4736-9c43-04531861958b" />
    <UnitTestResult executionId="1438cc18-edd2-4b41-9e19-315035b240ab" testId="3620263a-5ce2-4455-0d11-8322479dd365" testName="Production.Tests.Api.Controllers.ProductionControllerTests.UpdateStatus_WithValidationException_ShouldReturnBadRequest" computerName="AMND" duration="00:00:00.0005344" startTime="2026-01-09T15:52:39.1970244-03:00" endTime="2026-01-09T15:52:39.1970245-03:00" testType="13cdc9d9-ddb5-4fa4-a97d-d965ccfc6d4b" outcome="Passed" testListId="8c84fa94-04c1-424b-9868-57a2d4851a1d" relativeResultsDirectory="1438cc18-edd2-4b41-9e19-315035b240ab" />
    <UnitTestResult executionId="13c8fb34-f711-4416-b3b4-abaa3e7ecabb" testId="d2ac0dd9-3406-e5be-cc7d-edd41f8c64de" testName="Production.Tests.Infrastructure.Services.SmsNotificationServiceTests.NotifyOrderStatusChangeAsync_WithNullCustomerId_ShouldComplete" computerName="AMND" duration="00:00:00.0003033" startTime="2026-01-09T15:52:39.3717298-03:00" endTime="2026-01-09T15:52:39.3717299-03:00" testType="13cdc9d9-ddb5-4fa4-a97d-d965ccfc6d4b" outcome="Passed" testListId="8c84fa94-04c1-424b-9868-57a2d4851a1d" relativeResultsDirectory="13c8fb34-f711-4416-b3b4-abaa3e7ecabb" />
    <UnitTestResult executionId="29678cd9-8cc4-4148-8266-4c7509aa57bc" testId="7cb2394d-8fe2-5662-7165-4ea4209c344e" testName="Production.Tests.Infrastructure.Services.SmsNotificationServiceTests.NotifyOrderStatusChangeAsync_WithCustomerId_ShouldComplete" computerName="AMND" duration="00:00:00.1154387" startTime="2026-01-09T15:52:39.2623540-03:00" endTime="2026-01-09T15:52:39.2623540-03:00" testType="13cdc9d9-ddb5-4fa4-a97d-d965ccfc6d4b" outcome="Passed" testListId="8c84fa94-04c1-424b-9868-57a2d4851a1d" relativeResultsDirectory="29678cd9-8cc4-4148-8266-4c7509aa57bc" />
    <UnitTestResult executionId="abd28c92-de69-4004-b8f5-c162ff4f8a1e" testId="c1f1b654-5ef1-0fb6-4dd2-e529765aad36" testName="Production.Tests.Api.Controllers.ProductionControllerTests.CreateProductionOrder_WithValidRequest_ShouldReturnCreatedResult" computerName="AMND" duration="00:00:00.0024829" startTime="2026-01-09T15:52:39.2006783-03:00" endTime="2026-01-09T15:52:39.2006784-03:00" testType="13cdc9d9-ddb5-4fa4-a97d-d965ccfc6d4b" outcome="Passed" testListId="8c84fa94-04c1-424b-9868-57a2d4851a1d" relativeResultsDirectory="abd28c92-de69-4004-b8f5-c162ff4f8a1e" />
    <UnitTestResult executionId="5feaa24e-f0d0-44af-a2d3-479ac0da30c6" testId="c7beb6fe-7d4c-4a8c-6b9d-7ed85572fc35" testName="Production.Tests.Infrastructure.Repositories.ProductionOrderRepositoryTests.GetAllAsync_ShouldReturnPagedOrders" computerName="AMND" duration="00:00:00.0054273" startTime="2026-01-09T15:52:39.2097095-03:00" endTime="2026-01-09T15:52:39.2097096-03:00" testType="13cdc9d9-ddb5-4fa4-a97d-d965ccfc6d4b" outcome="Passed" testListId="8c84fa94-04c1-424b-9868-57a2d4851a1d" relativeResultsDirectory="5feaa24e-f0d0-44af-a2d3-479ac0da30c6" />
    <UnitTestResult executionId="c66536f3-b0f8-4301-9685-0197b61679bc" testId="76adb1ec-d71b-ba24-374f-c158cfbeb553" testName="Production.Tests.Domain.ProductionOrders.ProductionOrderTests.Create_WithEmptyItems_ShouldThrowException" computerName="AMND" duration="00:00:00.0004843" startTime="2026-01-09T15:52:39.1775434-03:00" endTime="2026-01-09T15:52:39.1775434-03:00" testType="13cdc9d9-ddb5-4fa4-a97d-d965ccfc6d4b" outcome="Passed" testListId="8c84fa94-04c1-424b-9868-57a2d4851a1d" relativeResultsDirectory="c66536f3-b0f8-4301-9685-0197b61679bc" />
    <UnitTestResult executionId="2a2fa04c-0f0b-44f0-a032-6776e6918a51" testId="d76c1e78-5b85-d9d7-8789-ace936e971ed" testName="Production.Tests.Api.DTOs.CreateProductionOrderDtoTests.CreateProductionOrderDto_Properties_ShouldBeInitialized" computerName="AMND" duration="00:00:00.0012310" startTime="2026-01-09T15:52:39.1743785-03:00" endTime="2026-01-09T15:52:39.1743785-03:00" testType="13cdc9d9-ddb5-4fa4-a97d-d965ccfc6d4b" outcome="Passed" testListId="8c84fa94-04c1-424b-9868-57a2d4851a1d" relativeResultsDirectory="2a2fa04c-0f0b-44f0-a032-6776e6918a51" />
    <UnitTestResult executionId="283a3a47-5546-445e-b09e-065a63971525" testId="444a65b6-f672-164c-96b6-7c355b4fafde" testName="Production.Tests.Infrastructure.Repositories.ProductionOrderRepositoryTests.GetReadyOrdersAsync_ShouldReturnReadyOrders" computerName="AMND" duration="00:00:00.0012328" startTime="2026-01-09T15:52:39.2190821-03:00" endTime="2026-01-09T15:52:39.2190822-03:00" testType="13cdc9d9-ddb5-4fa4-a97d-d965ccfc6d4b" outcome="Passed" testListId="8c84fa94-04c1-424b-9868-57a2d4851a1d" relativeResultsDirectory="283a3a47-5546-445e-b09e-065a63971525" />
    <UnitTestResult executionId="3a51d5cf-fa54-4037-a67b-eff727140884" testId="1eb0a205-f8ee-7621-9289-dab52e773454" testName="Production.Tests.Application.Common.Exceptions.ValidationExceptionTests.Constructor_WithMessage_ShouldSetMessage" computerName="AMND" duration="00:00:00.0060809" startTime="2026-01-09T15:52:39.1675309-03:00" endTime="2026-01-09T15:52:39.1675310-03:00" testType="13cdc9d9-ddb5-4fa4-a97d-d965ccfc6d4b" outcome="Passed" testListId="8c84fa94-04c1-424b-9868-57a2d4851a1d" relativeResultsDirectory="3a51d5cf-fa54-4037-a67b-eff727140884" />
    <UnitTestResult executionId="247d9a76-16be-4986-94ce-922ecfa43351" testId="b063b4cf-0162-7b6c-1591-9c8f0754560c" testName="Production.Tests.Application.Commands.UpdateProductionOrderStatusCommandHandlerTests.Handle_WithReadyStatus_ShouldNotifyCustomer" computerName="AMND" duration="00:00:00.0051053" startTime="2026-01-09T15:52:39.2058689-03:00" endTime="2026-01-09T15:52:39.2058690-03:00" testType="13cdc9d9-ddb5-4fa4-a97d-d965ccfc6d4b" outcome="Passed" testListId="8c84fa94-04c1-424b-9868-57a2d4851a1d" relativeResultsDirectory="247d9a76-16be-4986-94ce-922ecfa43351" />
    <UnitTestResult executionId="74378a83-baf5-4722-94e0-29126b40699d" testId="62302ef4-907f-6965-724d-9d724b1a67cc" testName="Production.Tests.Domain.ProductionOrders.ProductionOrderTests.Create_WithEmptyOrderId_ShouldThrowException" computerName="AMND" duration="00:00:00.0002978" startTime="2026-01-09T15:52:39.1800009-03:00" endTime="2026-01-09T15:52:39.1800010-03:00" testType="13cdc9d9-ddb5-4fa4-a97d-d965ccfc6d4b" outcome="Passed" testListId="8c84fa94-04c1-424b-9868-57a2d4851a1d" relativeResultsDirectory="74378a83-baf5-4722-94e0-29126b40699d" />
    <UnitTestResult executionId="8d91703f-1761-4205-98ef-add2cab55f54" testId="8e7f8b4a-3075-88bd-2494-c1835906ae43" testName="Production.Tests.Domain.ProductionOrders.ProductionOrderTests.UpdateStatus_WithCompletedStatus_ShouldUpdateStatusAndSetCompletedAt" computerName="AMND" duration="00:00:00.0000904" startTime="2026-01-09T15:52:39.1776531-03:00" endTime="2026-01-09T15:52:39.1776531-03:00" testType="13cdc9d9-ddb5-4fa4-a97d-d965ccfc6d4b" outcome="Passed" testListId="8c84fa94-04c1-424b-9868-57a2d4851a1d" relativeResultsDirectory="8d91703f-1761-4205-98ef-add2cab55f54" />
    <UnitTestResult executionId="30dd0382-49d5-44b0-bb35-3b0939ac502d" testId="1a9ab0ba-b397-6def-0889-80b7619b5e0e" testName="Production.Tests.Domain.ProductionOrders.ProductionOrderItemTests.Create_WithEmptyProductId_ShouldThrowException" computerName="AMND" duration="00:00:00.0003199" startTime="2026-01-09T15:52:39.1774344-03:00" endTime="2026-01-09T15:52:39.1774345-03:00" testType="13cdc9d9-ddb5-4fa4-a97d-d965ccfc6d4b" outcome="Passed" testListId="8c84fa94-04c1-424b-9868-57a2d4851a1d" relativeResultsDirectory="30dd0382-49d5-44b0-bb35-3b0939ac502d" />
    <UnitTestResult executionId="c0355748-e2f2-4d29-bebb-4bef771c33fb" testId="833604de-a911-3646-815c-45e2b06c8486" testName="Production.Tests.Domain.Shared.Entities.EntityTests.Equals_WithSameReference_ShouldReturnTrue" computerName="AMND" duration="00:00:00.0056553" startTime="2026-01-09T15:52:39.1681345-03:00" endTime="2026-01-09T15:52:39.1681346-03:00" testType="13cdc9d9-ddb5-4fa4-a97d-d965ccfc6d4b" outcome="Passed" testListId="8c84fa94-04c1-424b-9868-57a2d4851a1d" relativeResultsDirectory="c0355748-e2f2-4d29-bebb-4bef771c33fb" />
    <UnitTestResult executionId="af194a86-e870-4664-9686-f2e508af11b0" testId="e864400d-4651-bc38-34d1-bfdf111fd9d5" testName="Production.Tests.Domain.ProductionOrders.ProductionOrderTests.Create_WithValidData_ShouldCreateProductionOrder" computerName="AMND" duration="00:00:00.0003019" startTime="2026-01-09T15:52:39.1788759-03:00" endTime="2026-01-09T15:52:39.1788759-03:00" testType="13cdc9d9-ddb5-4fa4-a97d-d965ccfc6d4b" outcome="Passed" testListId="8c84fa94-04c1-424b-9868-57a2d4851a1d" relativeResultsDirectory="af194a86-e870-4664-9686-f2e508af11b0" />
    <UnitTestResult executionId="c366d958-028c-4436-ad05-37b2393972ce" testId="baa93d9b-c626-a5b0-8a37-8ddac1cc45bc" testName="Production.Tests.Infrastructure.Services.SmsNotificationServiceTests.NotifyOrderReadyAsync_WithCustomerId_ShouldComplete" computerName="AMND" duration="00:00:00.1080168" startTime="2026-01-09T15:52:39.3708702-03:00" endTime="2026-01-09T15:52:39.3708706-03:00" testType="13cdc9d9-ddb5-4fa4-a97d-d965ccfc6d4b" outcome="Passed" testListId="8c84fa94-04c1-424b-9868-57a2d4851a1d" relativeResultsDirectory="c366d958-028c-4436-ad05-37b2393972ce" />
    <UnitTestResult executionId="0cd1345b-d31d-4334-ab97-888258a2503a" testId="bb99b065-b7fe-2148-71f2-52c54c446feb" testName="Production.Tests.Application.Commands.CreateProductionOrderCommandHandlerTests.Handle_WithValidData_ShouldCreateProductionOrder" computerName="AMND" duration="00:00:00.0040888" startTime="2026-01-09T15:52:39.1859818-03:00" endTime="2026-01-09T15:52:39.1859818-03:00" testType="13cdc9d9-ddb5-4fa4-a97d-d965ccfc6d4b" outcome="Passed" testListId="8c84fa94-04c1-424b-9868-57a2d4851a1d" relativeResultsDirectory="0cd1345b-d31d-4334-ab97-888258a2503a" />
    <UnitTestResult executionId="06c3a848-6572-422e-b6d4-2bf2d33a0fcd" testId="b9b52530-63df-a6ba-610b-5bd4860139a0" testName="Production.Tests.Api.DTOs.CreateProductionOrderDtoTests.CreateProductionOrderItemDto_Properties_ShouldBeInitialized" computerName="AMND" duration="00:00:00.0072388" startTime="2026-01-09T15:52:39.1726502-03:00" endTime="2026-01-09T15:52:39.1726502-03:00" testType="13cdc9d9-ddb5-4fa4-a97d-d965ccfc6d4b" outcome="Passed" testListId="8c84fa94-04c1-424b-9868-57a2d4851a1d" relativeResultsDirectory="06c3a848-6572-422e-b6d4-2bf2d33a0fcd" />
    <UnitTestResult executionId="40171054-d0b9-4649-9d7f-0935e9fd3f03" testId="bea31792-4877-462b-3de8-1e667139c4bf" testName="Production.Tests.Domain.Shared.Entities.EntityTests.SetUpdatedAt_ShouldSetUpdatedAtToCurrentTime" computerName="AMND" duration="00:00:00.0002835" startTime="2026-01-09T15:52:39.1757498-03:00" endTime="2026-01-09T15:52:39.1757498-03:00" testType="13cdc9d9-ddb5-4fa4-a97d-d965ccfc6d4b" outcome="Passed" testListId="8c84fa94-04c1-424b-9868-57a2d4851a1d" relativeResultsDirectory="40171054-d0b9-4649-9d7f-0935e9fd3f03" />
    <UnitTestResult executionId="770db07c-8c09-4d4f-91b1-5d27493d8c96" testId="d51b2e3e-d6a8-98e5-e45b-04b649366132" testName="Production.Tests.Infrastructure.Repositories.ProductionOrderRepositoryTests.GetByOrderIdAsync_WithExistingOrder_ShouldReturnOrder" computerName="AMND" duration="00:00:00.0021950" startTime="2026-01-09T15:52:39.2119275-03:00" endTime="2026-01-09T15:52:39.2119276-03:00" testType="13cdc9d9-ddb5-4fa4-a97d-d965ccfc6d4b" outcome="Passed" testListId="8c84fa94-04c1-424b-9868-57a2d4851a1d" relativeResultsDirectory="770db07c-8c09-4d4f-91b1-5d27493d8c96" />
    <UnitTestResult executionId="7986d985-48c9-46ec-87a6-04f2ec63c02e" testId="d4047c00-af1f-4c4f-bcab-e08fba55a17a" testName="Production.Tests.Infrastructure.Repositories.ProductionOrderRepositoryTests.CreateAsync_ShouldAddOrder" computerName="AMND" duration="00:00:00.0543686" startTime="2026-01-09T15:52:39.2000718-03:00" endTime="2026-01-09T15:52:39.2000719-03:00" testType="13cdc9d9-ddb5-4fa4-a97d-d965ccfc6d4b" outcome="Passed" testListId="8c84fa94-04c1-424b-9868-57a2d4851a1d" relativeResultsDirectory="7986d985-48c9-46ec-87a6-04f2ec63c02e" />
    <UnitTestResult executionId="2f752d9e-14c2-4851-bf4f-f06c493d49bf" testId="252e1660-7253-55b2-6c62-338bc0799e33" testName="Production.Tests.Infrastructure.Repositories.ProductionOrderRepositoryTests.GetByIdAsync_WithExistingOrder_ShouldReturnOrder" computerName="AMND" duration="00:00:00.0015005" startTime="2026-01-09T15:52:39.2150458-03:00" endTime="2026-01-09T15:52:39.2150459-03:00" testType="13cdc9d9-ddb5-4fa4-a97d-d965ccfc6d4b" outcome="Passed" testListId="8c84fa94-04c1-424b-9868-57a2d4851a1d" relativeResultsDirectory="2f752d9e-14c2-4851-bf4f-f06c493d49bf" />
    <UnitTestResult executionId="8f0e9592-4cd4-48a5-a64e-8d546bb9d83b" testId="22fc10f4-a477-e835-4f96-2f36165ad298" testName="Production.Tests.Domain.Shared.Entities.EntityTests.Equals_WithDifferentType_ShouldReturnFalse" computerName="AMND" duration="00:00:00.0003073" startTime="2026-01-09T15:52:39.1730710-03:00" endTime="2026-01-09T15:52:39.1730710-03:00" testType="13cdc9d9-ddb5-4fa4-a97d-d965ccfc6d4b" outcome="Passed" testListId="8c84fa94-04c1-424b-9868-57a2d4851a1d" relativeResultsDirectory="8f0e9592-4cd4-48a5-a64e-8d546bb9d83b" />
    <UnitTestResult executionId="57b0e126-073c-4b06-9fb4-8cbf6638b3a9" testId="2adf40e2-c528-eab3-29c0-68965efc7b9f" testName="Production.Tests.Domain.ProductionOrders.ProductionOrderTests.UpdateStatus_WithReadyStatus_ShouldUpdateStatusAndSetReadyAt" computerName="AMND" duration="00:00:00.0001075" startTime="2026-01-09T15:52:39.1787631-03:00" endTime="2026-01-09T15:52:39.1787632-03:00" testType="13cdc9d9-ddb5-4fa4-a97d-d965ccfc6d4b" outcome="Passed" testListId="8c84fa94-04c1-424b-9868-57a2d4851a1d" relativeResultsDirectory="57b0e126-073c-4b06-9fb4-8cbf6638b3a9" />
    <UnitTestResult executionId="07c34063-fd5a-4931-9b4e-181cc9c05cc3" testId="c283f6c6-bb32-24ec-f865-1583edf83490" testName="Production.Tests.Domain.ProductionOrders.ProductionOrderTests.GetWaitingTimeMinutes_WhenStatusIsCompleted_ShouldReturnTimeFromCompletedAt" computerName="AMND" duration="00:00:00.0005819" startTime="2026-01-09T15:52:39.1733499-03:00" endTime="2026-01-09T15:52:39.1733500-03:00" testType="13cdc9d9-ddb5-4fa4-a97d-d965ccfc6d4b" outcome="Passed" testListId="8c84fa94-04c1-424b-9868-57a2d4851a1d" relativeResultsDirectory="07c34063-fd5a-4931-9b4e-181cc9c05cc3" />
    <UnitTestResult executionId="28fe6b79-d970-48cf-bf65-f97631e3ef65" testId="708f4c64-0700-b729-4c10-1601b89f342e" testName="Production.Tests.Application.Common.Exceptions.ValidationExceptionTests.Constructor_WithMessageAndInnerException_ShouldSetBoth" computerName="AMND" duration="00:00:00.0008053" startTime="2026-01-09T15:52:39.1739931-03:00" endTime="2026-01-09T15:52:39.1739932-03:00" testType="13cdc9d9-ddb5-4fa4-a97d-d965ccfc6d4b" outcome="Passed" testListId="8c84fa94-04c1-424b-9868-57a2d4851a1d" relativeResultsDirectory="28fe6b79-d970-48cf-bf65-f97631e3ef65" />
    <UnitTestResult executionId="4046208a-c4c7-42c9-819a-10c4402722f5" testId="5962ee1a-3a5f-b1a7-3404-e627cf0c060f" testName="Production.Tests.Domain.ProductionOrders.ProductionOrderTests.StartPreparation_WhenStatusIsNotReceived_ShouldThrowException" computerName="AMND" duration="00:00:00.0002932" startTime="2026-01-09T15:52:39.1791013-03:00" endTime="2026-01-09T15:52:39.1791013-03:00" testType="13cdc9d9-ddb5-4fa4-a97d-d965ccfc6d4b" outcome="Passed" testListId="8c84fa94-04c1-424b-9868-57a2d4851a1d" relativeResultsDirectory="4046208a-c4c7-42c9-819a-10c4402722f5" />
    <UnitTestResult executionId="5e1b0d21-d57e-4a95-abcf-1586bd580223" testId="1f15b3fb-7781-dd32-1dd2-05a6ed46dedf" testName="Production.Tests.Infrastructure.Repositories.ProductionOrderRepositoryTests.GetByStatusAsync_ShouldReturnOrders" computerName="AMND" duration="00:00:00.0015447" startTime="2026-01-09T15:52:39.2135088-03:00" endTime="2026-01-09T15:52:39.2135089-03:00" testType="13cdc9d9-ddb5-4fa4-a97d-d965ccfc6d4b" outcome="Passed" testListId="8c84fa94-04c1-424b-9868-57a2d4851a1d" relativeResultsDirectory="5e1b0d21-d57e-4a95-abcf-1586bd580223" />
    <UnitTestResult executionId="727e063a-1914-420c-8e14-3be870668e35" testId="54bb5474-107d-4a6a-2d86-d90fee39146e" testName="Production.Tests.Infrastructure.Services.OrderServiceClientTests.UpdateOrderStatusAsync_WithErrorResponse_ShouldReturnFalse" computerName="AMND" duration="00:00:00.0014164" startTime="2026-01-09T15:52:39.2089132-03:00" endTime="2026-01-09T15:52:39.2089132-03:00" testType="13cdc9d9-ddb5-4fa4-a97d-d965ccfc6d4b" outcome="Passed" testListId="8c84fa94-04c1-424b-9868-57a2d4851a1d" relativeResultsDirectory="727e063a-1914-420c-8e14-3be870668e35" />
    <UnitTestResult executionId="46a53ee9-e191-44b9-8f46-e3181b0492f9" testId="9655f37a-9ddf-bda0-4a0c-fc3c4b1d7565" testName="Production.Tests.Application.Queries.GetProductionOrderByOrderIdQueryHandlerTests.Handle_WithExistingProductionOrder_ShouldReturnOrder" computerName="AMND" duration="00:00:00.0375790" startTime="2026-01-09T15:52:39.1832561-03:00" endTime="2026-01-09T15:52:39.1832562-03:00" testType="13cdc9d9-ddb5-4fa4-a97d-d965ccfc6d4b" outcome="Passed" testListId="8c84fa94-04c1-424b-9868-57a2d4851a1d" relativeResultsDirectory="46a53ee9-e191-44b9-8f46-e3181b0492f9" />
    <UnitTestResult executionId="4e4d9f0a-d6ad-4b73-91ec-247aa364e288" testId="0494a715-73d2-91f2-d65e-381ef04e8860" testName="Production.Tests.Application.Queries.GetProductionOrderByOrderIdQueryHandlerTests.Handle_WithNonExistentOrder_ShouldReturnNotFound" computerName="AMND" duration="00:00:00.0013854" startTime="2026-01-09T15:52:39.1847170-03:00" endTime="2026-01-09T15:52:39.1847170-03:00" testType="13cdc9d9-ddb5-4fa4-a97d-d965ccfc6d4b" outcome="Passed" testListId="8c84fa94-04c1-424b-9868-57a2d4851a1d" relativeResultsDirectory="4e4d9f0a-d6ad-4b73-91ec-247aa364e288" />
    <UnitTestResult executionId="fe2ea392-ec57-4c64-97ee-371933ff1774" testId="dec50951-d2fd-6368-6841-878fd87d6857" testName="Production.Tests.Domain.ProductionOrders.ProductionOrderTests.GetWaitingTimeMinutes_WhenStatusIsReceived_ShouldReturnTimeFromCreatedAt" computerName="AMND" duration="00:00:00.0000362" startTime="2026-01-09T15:52:39.1778770-03:00" endTime="2026-01-09T15:52:39.1778770-03:00" testType="13cdc9d9-ddb5-4fa4-a97d-d965ccfc6d4b" outcome="Passed" testListId="8c84fa94-04c1-424b-9868-57a2d4851a1d" relativeResultsDirectory="fe2ea392-ec57-4c64-97ee-371933ff1774" />
    <UnitTestResult executionId="17d0800c-b67d-4940-9ebb-1702dee5abc3" testId="27d539a0-618e-c963-ab3b-e4b786eca966" testName="Production.Tests.Domain.ProductionOrders.ProductionOrderTests.StartPreparation_WhenStatusIsReceived_ShouldStartPreparation" computerName="AMND" duration="00:00:00.0000377" startTime="2026-01-09T15:52:39.1784289-03:00" endTime="2026-01-09T15:52:39.1784289-03:00" testType="13cdc9d9-ddb5-4fa4-a97d-d965ccfc6d4b" outcome="Passed" testListId="8c84fa94-04c1-424b-9868-57a2d4851a1d" relativeResultsDirectory="17d0800c-b67d-4940-9ebb-1702dee5abc3" />
    <UnitTestResult executionId="385cf22e-2704-48b0-939c-aa1145d2072c" testId="92710cb6-4cd1-6f7a-4043-3c04d63d5a1a" testName="Production.Tests.Domain.Shared.Entities.EntityTests.Equals_WithSameId_ShouldReturnTrue" computerName="AMND" duration="00:00:00.0003745" startTime="2026-01-09T15:52:39.1738762-03:00" endTime="2026-01-09T15:52:39.1738762-03:00" testType="13cdc9d9-ddb5-4fa4-a97d-d965ccfc6d4b" outcome="Passed" testListId="8c84fa94-04c1-424b-9868-57a2d4851a1d" relativeResultsDirectory="385cf22e-2704-48b0-939c-aa1145d2072c" />
    <UnitTestResult executionId="6fdadad7-38c4-4096-8da8-f3693f321e7a" testId="5707a3ad-e7c3-baab-fc16-2458530f202d" testName="Production.Tests.Application.Commands.CreateProductionOrderCommandHandlerTests.Handle_WithExistingProductionOrder_ShouldThrowValidationException" computerName="AMND" duration="00:00:00.0362161" startTime="2026-01-09T15:52:39.1818612-03:00" endTime="2026-01-09T15:52:39.1818613-03:00" testType="13cdc9d9-ddb5-4fa4-a97d-d965ccfc6d4b" outcome="Passed" testListId="8c84fa94-04c1-424b-9868-57a2d4851a1d" relativeResultsDirectory="6fdadad7-38c4-4096-8da8-f3693f321e7a" />
    <UnitTestResult executionId="0bdb5bda-afd4-4a43-b2ac-d2a4d62d3836" testId="45204b26-64ee-fe69-1bad-fb066bda679e" testName="Production.Tests.Application.Commands.UpdateProductionOrderStatusCommandHandlerTests.Handle_WithCompletedStatus_ShouldUpdateOrderStatus" computerName="AMND" duration="00:00:00.0018424" startTime="2026-01-09T15:52:39.2105170-03:00" endTime="2026-01-09T15:52:39.2105171-03:00" testType="13cdc9d9-ddb5-4fa4-a97d-d965ccfc6d4b" outcome="Passed" testListId="8c84fa94-04c1-424b-9868-57a2d4851a1d" relativeResultsDirectory="0bdb5bda-afd4-4a43-b2ac-d2a4d62d3836" />
    <UnitTestResult executionId="49eb9f1f-5d77-484f-916b-cb2af04eb915" testId="3dc5bd22-81c5-9d8b-ba03-ca2c4fa374cf" testName="Production.Tests.Infrastructure.Services.OrderServiceClientTests.UpdateOrderStatusAsync_WithException_ShouldReturnFalse" computerName="AMND" duration="00:00:00.0512253" startTime="2026-01-09T15:52:39.2075816-03:00" endTime="2026-01-09T15:52:39.2075816-03:00" testType="13cdc9d9-ddb5-4fa4-a97d-d965ccfc6d4b" outcome="Passed" testListId="8c84fa94-04c1-424b-9868-57a2d4851a1d" relativeResultsDirectory="49eb9f1f-5d77-484f-916b-cb2af04eb915" />
    <UnitTestResult executionId="2c5e1e6f-2895-4651-bd7c-73cbc042981c" testId="2e9bbb94-5aa9-3369-c5d3-8e1d59139148" testName="Production.Tests.Domain.ProductionOrders.ProductionOrderTests.Complete_WhenStatusIsNotReady_ShouldThrowException" computerName="AMND" duration="00:00:00.0009449" startTime="2026-01-09T15:52:39.1786532-03:00" endTime="2026-01-09T15:52:39.1786533-03:00" testType="13cdc9d9-ddb5-4fa4-a97d-d965ccfc6d4b" outcome="Passed" testListId="8c84fa94-04c1-424b-9868-57a2d4851a1d" relativeResultsDirectory="2c5e1e6f-2895-4651-bd7c-73cbc042981c" />
    <UnitTestResult executionId="61731d0f-30fe-4b4a-b25f-725455f7abf5" testId="855ebc8b-a54f-9008-1c57-67dc1ea6be88" testName="Production.Tests.Api.Filters.ApiExceptionFilterAttributeTests.OnException_WithDomainException_ShouldReturnBadRequestResult" computerName="AMND" duration="00:00:00.0002583" startTime="2026-01-09T15:52:39.1742725-03:00" endTime="2026-01-09T15:52:39.1742725-03:00" testType="13cdc9d9-ddb5-4fa4-a97d-d965ccfc6d4b" outcome="Passed" testListId="8c84fa94-04c1-424b-9868-57a2d4851a1d" relativeResultsDirectory="61731d0f-30fe-4b4a-b25f-725455f7abf5" />
  </Results>
  <TestDefinitions>
    <UnitTest name="Production.Tests.Api.Controllers.ProductionControllerTests.CreateProductionOrder_WithValidRequest_ShouldReturnCreatedResult" storage="d:\projetos\techchallenge - fase 4\microservico-producao\src\production.test\bin\debug\net8.0\production.tests.dll" id="c1f1b654-5ef1-0fb6-4dd2-e529765aad36">
      <Execution id="abd28c92-de69-4004-b8f5-c162ff4f8a1e" />
      <TestMethod codeBase="D:\Projetos\techChallenge - Fase 4\MicroServico-Producao\src\Production.Test\bin\Debug\net8.0\Production.Tests.dll" adapterTypeName="executor://xunit/VsTestRunner2/netcoreapp" className="Production.Tests.Api.Controllers.ProductionControllerTests" name="CreateProductionOrder_WithValidRequest_ShouldReturnCreatedResult" />
    </UnitTest>
    <UnitTest name="Production.Tests.Domain.ProductionOrders.ProductionOrderTests.MarkAsReady_WhenStatusIsInPreparation_ShouldMarkAsReady" storage="d:\projetos\techchallenge - fase 4\microservico-producao\src\production.test\bin\debug\net8.0\production.tests.dll" id="fee2a771-b308-e377-30a5-efa794dc153f">
      <Execution id="e3fd9a51-9406-43b2-9619-43acdd820f68" />
      <TestMethod codeBase="D:\Projetos\techChallenge - Fase 4\MicroServico-Producao\src\Production.Test\bin\Debug\net8.0\Production.Tests.dll" adapterTypeName="executor://xunit/VsTestRunner2/netcoreapp" className="Production.Tests.Domain.ProductionOrders.ProductionOrderTests" name="MarkAsReady_WhenStatusIsInPreparation_ShouldMarkAsReady" />
    </UnitTest>
    <UnitTest name="Production.Tests.Application.Queries.GetOrdersInProductionQueryHandlerTests.Handle_WithNullStatus_ShouldReturnAllOrdersInProduction" storage="d:\projetos\techchallenge - fase 4\microservico-producao\src\production.test\bin\debug\net8.0\production.tests.dll" id="4db0967a-fd83-907c-ba58-422e1067c3f8">
      <Execution id="d1796e00-b47f-4831-a361-3d946684473c" />
      <TestMethod codeBase="D:\Projetos\techChallenge - Fase 4\MicroServico-Producao\src\Production.Test\bin\Debug\net8.0\Production.Tests.dll" adapterTypeName="executor://xunit/VsTestRunner2/netcoreapp" className="Production.Tests.Application.Queries.GetOrdersInProductionQueryHandlerTests" name="Handle_WithNullStatus_ShouldReturnAllOrdersInProduction" />
    </UnitTest>
    <UnitTest name="Production.Tests.Domain.ProductionOrders.ProductionOrderTests.UpdateStatus_WithCompletedStatus_ShouldUpdateStatusAndSetCompletedAt" storage="d:\projetos\techchallenge - fase 4\microservico-producao\src\production.test\bin\debug\net8.0\production.tests.dll" id="8e7f8b4a-3075-88bd-2494-c1835906ae43">
      <Execution id="8d91703f-1761-4205-98ef-add2cab55f54" />
      <TestMethod codeBase="D:\Projetos\techChallenge - Fase 4\MicroServico-Producao\src\Production.Test\bin\Debug\net8.0\Production.Tests.dll" adapterTypeName="executor://xunit/VsTestRunner2/netcoreapp" className="Production.Tests.Domain.ProductionOrders.ProductionOrderTests" name="UpdateStatus_WithCompletedStatus_ShouldUpdateStatusAndSetCompletedAt" />
    </UnitTest>
    <UnitTest name="Production.Tests.Domain.ProductionOrders.ProductionOrderTests.Cancel_WhenStatusIsCompleted_ShouldThrowException" storage="d:\projetos\techchallenge - fase 4\microservico-producao\src\production.test\bin\debug\net8.0\production.tests.dll" id="3f30fe0c-a1ef-e206-9666-b6495f92ccb1">
      <Execution id="21150fb1-59c0-4541-83c6-ece5b1733ef4" />
      <TestMethod codeBase="D:\Projetos\techChallenge - Fase 4\MicroServico-Producao\src\Production.Test\bin\Debug\net8.0\Production.Tests.dll" adapterTypeName="executor://xunit/VsTestRunner2/netcoreapp" className="Production.Tests.Domain.ProductionOrders.ProductionOrderTests" name="Cancel_WhenStatusIsCompleted_ShouldThrowException" />
    </UnitTest>
    <UnitTest name="Production.Tests.Api.Controllers.ProductionControllerTests.UpdateStatus_WithNotFoundException_ShouldReturnNotFound" storage="d:\projetos\techchallenge - fase 4\microservico-producao\src\production.test\bin\debug\net8.0\production.tests.dll" id="18f4bf04-7e22-9c62-4aa7-6a412146fef3">
      <Execution id="69239b72-204b-48b8-8079-e36dfed402b0" />
      <TestMethod codeBase="D:\Projetos\techChallenge - Fase 4\MicroServico-Producao\src\Production.Test\bin\Debug\net8.0\Production.Tests.dll" adapterTypeName="executor://xunit/VsTestRunner2/netcoreapp" className="Production.Tests.Api.Controllers.ProductionControllerTests" name="UpdateStatus_WithNotFoundException_ShouldReturnNotFound" />
    </UnitTest>
    <UnitTest name="Production.Tests.Api.Controllers.ProductionControllerTests.UpdateStatus_WithValidRequest_ShouldReturnOkResult" storage="d:\projetos\techchallenge - fase 4\microservico-producao\src\production.test\bin\debug\net8.0\production.tests.dll" id="b54e135d-c263-821c-b0d3-e43faf20ef2a">
      <Execution id="6a3cf183-1249-4400-8057-ca2948ae304d" />
      <TestMethod codeBase="D:\Projetos\techChallenge - Fase 4\MicroServico-Producao\src\Production.Test\bin\Debug\net8.0\Production.Tests.dll" adapterTypeName="executor://xunit/VsTestRunner2/netcoreapp" className="Production.Tests.Api.Controllers.ProductionControllerTests" name="UpdateStatus_WithValidRequest_ShouldReturnOkResult" />
    </UnitTest>
    <UnitTest name="Production.Tests.Api.Controllers.ProductionControllerTests.GetOrdersInProduction_WithValidRequest_ShouldReturnOkResult" storage="d:\projetos\techchallenge - fase 4\microservico-producao\src\production.test\bin\debug\net8.0\production.tests.dll" id="b02c9e30-e63a-39c6-d8c8-d20a9c8c032e">
      <Execution id="86125685-eaa1-445f-aaf3-b181fdd7f126" />
      <TestMethod codeBase="D:\Projetos\techChallenge - Fase 4\MicroServico-Producao\src\Production.Test\bin\Debug\net8.0\Production.Tests.dll" adapterTypeName="executor://xunit/VsTestRunner2/netcoreapp" className="Production.Tests.Api.Controllers.ProductionControllerTests" name="GetOrdersInProduction_WithValidRequest_ShouldReturnOkResult" />
    </UnitTest>
    <UnitTest name="Production.Tests.Infrastructure.Repositories.ProductionOrderRepositoryTests.GetReadyOrdersAsync_ShouldReturnReadyOrders" storage="d:\projetos\techchallenge - fase 4\microservico-producao\src\production.test\bin\debug\net8.0\production.tests.dll" id="444a65b6-f672-164c-96b6-7c355b4fafde">
      <Execution id="283a3a47-5546-445e-b09e-065a63971525" />
      <TestMethod codeBase="D:\Projetos\techChallenge - Fase 4\MicroServico-Producao\src\Production.Test\bin\Debug\net8.0\Production.Tests.dll" adapterTypeName="executor://xunit/VsTestRunner2/netcoreapp" className="Production.Tests.Infrastructure.Repositories.ProductionOrderRepositoryTests" name="GetReadyOrdersAsync_ShouldReturnReadyOrders" />
    </UnitTest>
    <UnitTest name="Production.Tests.Api.DTOs.CreateProductionOrderDtoTests.CreateProductionOrderDto_Properties_ShouldBeInitialized" storage="d:\projetos\techchallenge - fase 4\microservico-producao\src\production.test\bin\debug\net8.0\production.tests.dll" id="d76c1e78-5b85-d9d7-8789-ace936e971ed">
      <Execution id="2a2fa04c-0f0b-44f0-a032-6776e6918a51" />
      <TestMethod codeBase="D:\Projetos\techChallenge - Fase 4\MicroServico-Producao\src\Production.Test\bin\Debug\net8.0\Production.Tests.dll" adapterTypeName="executor://xunit/VsTestRunner2/netcoreapp" className="Production.Tests.Api.DTOs.CreateProductionOrderDtoTests" name="CreateProductionOrderDto_Properties_ShouldBeInitialized" />
    </UnitTest>
    <UnitTest name="Production.Tests.Domain.Shared.Entities.EntityTests.Equals_WithNull_ShouldReturnFalse" storage="d:\projetos\techchallenge - fase 4\microservico-producao\src\production.test\bin\debug\net8.0\production.tests.dll" id="36271e11-99eb-0e1e-c3e7-cc17241da68a">
      <Execution id="6ecbd52b-13d1-4c0e-b400-bb677e1576b8" />
      <TestMethod codeBase="D:\Projetos\techChallenge - Fase 4\MicroServico-Producao\src\Production.Test\bin\Debug\net8.0\Production.Tests.dll" adapterTypeName="executor://xunit/VsTestRunner2/netcoreapp" className="Production.Tests.Domain.Shared.Entities.EntityTests" name="Equals_WithNull_ShouldReturnFalse" />
    </UnitTest>
    <UnitTest name="Production.Tests.Domain.Shared.Entities.EntityTests.GetHashCode_ShouldReturnIdHashCode" storage="d:\projetos\techchallenge - fase 4\microservico-producao\src\production.test\bin\debug\net8.0\production.tests.dll" id="7f2aa693-4479-6516-6a37-8739f6a5dde9">
      <Execution id="d88a5184-0730-4ee9-8f6f-bb0cb9e9c31e" />
      <TestMethod codeBase="D:\Projetos\techChallenge - Fase 4\MicroServico-Producao\src\Production.Test\bin\Debug\net8.0\Production.Tests.dll" adapterTypeName="executor://xunit/VsTestRunner2/netcoreapp" className="Production.Tests.Domain.Shared.Entities.EntityTests" name="GetHashCode_ShouldReturnIdHashCode" />
    </UnitTest>
    <UnitTest name="Production.Tests.Application.Commands.UpdateProductionOrderStatusCommandHandlerTests.Handle_WithInvalidStatus_ShouldThrowValidationException" storage="d:\projetos\techchallenge - fase 4\microservico-producao\src\production.test\bin\debug\net8.0\production.tests.dll" id="de193ac9-78c0-4a3f-f287-fbdde1b32dfb">
      <Execution id="f77f54e1-fe5b-4d20-a9ff-46b67f1253b6" />
      <TestMethod codeBase="D:\Projetos\techChallenge - Fase 4\MicroServico-Producao\src\Production.Test\bin\Debug\net8.0\Production.Tests.dll" adapterTypeName="executor://xunit/VsTestRunner2/netcoreapp" className="Production.Tests.Application.Commands.UpdateProductionOrderStatusCommandHandlerTests" name="Handle_WithInvalidStatus_ShouldThrowValidationException" />
    </UnitTest>
    <UnitTest name="Production.Tests.Infrastructure.Services.OrderServiceClientTests.UpdateOrderStatusAsync_WithSuccessResponse_ShouldReturnTrue" storage="d:\projetos\techchallenge - fase 4\microservico-producao\src\production.test\bin\debug\net8.0\production.tests.dll" id="d16fe068-554e-eded-511c-3c682916e131">
      <Execution id="34b0f43c-f796-4898-90d2-ddb4b3d6ba46" />
      <TestMethod codeBase="D:\Projetos\techChallenge - Fase 4\MicroServico-Producao\src\Production.Test\bin\Debug\net8.0\Production.Tests.dll" adapterTypeName="executor://xunit/VsTestRunner2/netcoreapp" className="Production.Tests.Infrastructure.Services.OrderServiceClientTests" name="UpdateOrderStatusAsync_WithSuccessResponse_ShouldReturnTrue" />
    </UnitTest>
    <UnitTest name="Production.Tests.Domain.ProductionOrders.ProductionOrderTests.MarkAsReady_WhenStatusIsNotInPreparation_ShouldThrowException" storage="d:\projetos\techchallenge - fase 4\microservico-producao\src\production.test\bin\debug\net8.0\production.tests.dll" id="0bd52fb8-f218-b36f-7485-214f7942bed2">
      <Execution id="af4a1dbc-8c8a-4d66-97a7-6f65694b4ec2" />
      <TestMethod codeBase="D:\Projetos\techChallenge - Fase 4\MicroServico-Producao\src\Production.Test\bin\Debug\net8.0\Production.Tests.dll" adapterTypeName="executor://xunit/VsTestRunner2/netcoreapp" className="Production.Tests.Domain.ProductionOrders.ProductionOrderTests" name="MarkAsReady_WhenStatusIsNotInPreparation_ShouldThrowException" />
    </UnitTest>
    <UnitTest name="Production.Tests.Infrastructure.Services.EmailNotificationServiceTests.NotifyOrderStatusChangeAsync_WithNullCustomerId_ShouldComplete" storage="d:\projetos\techchallenge - fase 4\microservico-producao\src\production.test\bin\debug\net8.0\production.tests.dll" id="f0ff437c-0ebd-253c-9d63-62fa4c456400">
      <Execution id="70eb946d-4171-46d7-b4fe-86130e0c51e3" />
      <TestMethod codeBase="D:\Projetos\techChallenge - Fase 4\MicroServico-Producao\src\Production.Test\bin\Debug\net8.0\Production.Tests.dll" adapterTypeName="executor://xunit/VsTestRunner2/netcoreapp" className="Production.Tests.Infrastructure.Services.EmailNotificationServiceTests" name="NotifyOrderStatusChangeAsync_WithNullCustomerId_ShouldComplete" />
    </UnitTest>
    <UnitTest name="Production.Tests.Infrastructure.Repositories.ProductionOrderRepositoryTests.GetByStatusAsync_ShouldReturnOrders" storage="d:\projetos\techchallenge - fase 4\microservico-producao\src\production.test\bin\debug\net8.0\production.tests.dll" id="1f15b3fb-7781-dd32-1dd2-05a6ed46dedf">
      <Execution id="5e1b0d21-d57e-4a95-abcf-1586bd580223" />
      <TestMethod codeBase="D:\Projetos\techChallenge - Fase 4\MicroServico-Producao\src\Production.Test\bin\Debug\net8.0\Production.Tests.dll" adapterTypeName="executor://xunit/VsTestRunner2/netcoreapp" className="Production.Tests.Infrastructure.Repositories.ProductionOrderRepositoryTests" name="GetByStatusAsync_ShouldReturnOrders" />
    </UnitTest>
    <UnitTest name="Production.Tests.Infrastructure.Repositories.ProductionOrderRepositoryTests.UpdateAsync_ShouldUpdateOrder" storage="d:\projetos\techchallenge - fase 4\microservico-producao\src\production.test\bin\debug\net8.0\production.tests.dll" id="b73d12a9-733d-88e4-fe21-15154e9b00c0">
      <Execution id="86643479-5521-43cf-98dd-3a51aac86a3d" />
      <TestMethod codeBase="D:\Projetos\techChallenge - Fase 4\MicroServico-Producao\src\Production.Test\bin\Debug\net8.0\Production.Tests.dll" adapterTypeName="executor://xunit/VsTestRunner2/netcoreapp" className="Production.Tests.Infrastructure.Repositories.ProductionOrderRepositoryTests" name="UpdateAsync_ShouldUpdateOrder" />
    </UnitTest>
    <UnitTest name="Production.Tests.Domain.Shared.Entities.EntityTests.Equals_WithDifferentType_ShouldReturnFalse" storage="d:\projetos\techchallenge - fase 4\microservico-producao\src\production.test\bin\debug\net8.0\production.tests.dll" id="22fc10f4-a477-e835-4f96-2f36165ad298">
      <Execution id="8f0e9592-4cd4-48a5-a64e-8d546bb9d83b" />
      <TestMethod codeBase="D:\Projetos\techChallenge - Fase 4\MicroServico-Producao\src\Production.Test\bin\Debug\net8.0\Production.Tests.dll" adapterTypeName="executor://xunit/VsTestRunner2/netcoreapp" className="Production.Tests.Domain.Shared.Entities.EntityTests" name="Equals_WithDifferentType_ShouldReturnFalse" />
    </UnitTest>
    <UnitTest name="Production.Tests.Infrastructure.Services.SmsNotificationServiceTests.NotifyOrderStatusChangeAsync_WithCustomerId_ShouldComplete" storage="d:\projetos\techchallenge - fase 4\microservico-producao\src\production.test\bin\debug\net8.0\production.tests.dll" id="7cb2394d-8fe2-5662-7165-4ea4209c344e">
      <Execution id="29678cd9-8cc4-4148-8266-4c7509aa57bc" />
      <TestMethod codeBase="D:\Projetos\techChallenge - Fase 4\MicroServico-Producao\src\Production.Test\bin\Debug\net8.0\Production.Tests.dll" adapterTypeName="executor://xunit/VsTestRunner2/netcoreapp" className="Production.Tests.Infrastructure.Services.SmsNotificationServiceTests" name="NotifyOrderStatusChangeAsync_WithCustomerId_ShouldComplete" />
    </UnitTest>
    <UnitTest name="Production.Tests.Application.Commands.UpdateProductionOrderStatusCommandHandlerTests.Handle_WithNonExistentOrder_ShouldThrowNotFoundException" storage="d:\projetos\techchallenge - fase 4\microservico-producao\src\production.test\bin\debug\net8.0\production.tests.dll" id="1ce653d4-80e9-2667-46b3-1be4c1377470">
      <Execution id="c35d232b-0cbc-45c2-9e19-3407758b23f3" />
      <TestMethod codeBase="D:\Projetos\techChallenge - Fase 4\MicroServico-Producao\src\Production.Test\bin\Debug\net8.0\Production.Tests.dll" adapterTypeName="executor://xunit/VsTestRunner2/netcoreapp" className="Production.Tests.Application.Commands.UpdateProductionOrderStatusCommandHandlerTests" name="Handle_WithNonExistentOrder_ShouldThrowNotFoundException" />
    </UnitTest>
    <UnitTest name="Production.Tests.Application.Common.Exceptions.NotFoundExceptionTests.Constructor_WithMessage_ShouldSetMessage" storage="d:\projetos\techchallenge - fase 4\microservico-producao\src\production.test\bin\debug\net8.0\production.tests.dll" id="2cfba34c-a27f-cc47-cbef-37aeaf0aa770">
      <Execution id="00eed3b3-5551-4765-b38a-8d2e51611d3f" />
      <TestMethod codeBase="D:\Projetos\techChallenge - Fase 4\MicroServico-Producao\src\Production.Test\bin\Debug\net8.0\Production.Tests.dll" adapterTypeName="executor://xunit/VsTestRunner2/netcoreapp" className="Production.Tests.Application.Common.Exceptions.NotFoundExceptionTests" name="Constructor_WithMessage_ShouldSetMessage" />
    </UnitTest>
    <UnitTest name="Production.Tests.Infrastructure.Repositories.ProductionOrderRepositoryTests.GetByIdAsync_WithExistingOrder_ShouldReturnOrder" storage="d:\projetos\techchallenge - fase 4\microservico-producao\src\production.test\bin\debug\net8.0\production.tests.dll" id="252e1660-7253-55b2-6c62-338bc0799e33">
      <Execution id="2f752d9e-14c2-4851-bf4f-f06c493d49bf" />
      <TestMethod codeBase="D:\Projetos\techChallenge - Fase 4\MicroServico-Producao\src\Production.Test\bin\Debug\net8.0\Production.Tests.dll" adapterTypeName="executor://xunit/VsTestRunner2/netcoreapp" className="Production.Tests.Infrastructure.Repositories.ProductionOrderRepositoryTests" name="GetByIdAsync_WithExistingOrder_ShouldReturnOrder" />
    </UnitTest>
    <UnitTest name="Production.Tests.Infrastructure.DependencyInjectionTests.AddInfrastructure_WithDefaultConnectionString_ShouldUseDefault" storage="d:\projetos\techchallenge - fase 4\microservico-producao\src\production.test\bin\debug\net8.0\production.tests.dll" id="8c5d5da3-c665-2488-fae0-4821ed44dd5a">
      <Execution id="60c1d4a8-7668-4540-a43b-66b851e72049" />
      <TestMethod codeBase="D:\Projetos\techChallenge - Fase 4\MicroServico-Producao\src\Production.Test\bin\Debug\net8.0\Production.Tests.dll" adapterTypeName="executor://xunit/VsTestRunner2/netcoreapp" className="Production.Tests.Infrastructure.DependencyInjectionTests" name="AddInfrastructure_WithDefaultConnectionString_ShouldUseDefault" />
    </UnitTest>
    <UnitTest name="Production.Tests.Infrastructure.Repositories.ProductionOrderRepositoryTests.DeleteAsync_ShouldRemoveOrder" storage="d:\projetos\techchallenge - fase 4\microservico-producao\src\production.test\bin\debug\net8.0\production.tests.dll" id="a8b96f39-1532-835e-81da-a7bf0ebeb59a">
      <Execution id="e2172acb-4ff4-443d-ac6a-6fc9e534a4cc" />
      <TestMethod codeBase="D:\Projetos\techChallenge - Fase 4\MicroServico-Producao\src\Production.Test\bin\Debug\net8.0\Production.Tests.dll" adapterTypeName="executor://xunit/VsTestRunner2/netcoreapp" className="Production.Tests.Infrastructure.Repositories.ProductionOrderRepositoryTests" name="DeleteAsync_ShouldRemoveOrder" />
    </UnitTest>
    <UnitTest name="Production.Tests.Domain.ProductionOrders.ProductionOrderTests.GetWaitingTimeMinutes_WhenStatusIsCompleted_ShouldReturnTimeFromCompletedAt" storage="d:\projetos\techchallenge - fase 4\microservico-producao\src\production.test\bin\debug\net8.0\production.tests.dll" id="c283f6c6-bb32-24ec-f865-1583edf83490">
      <Execution id="07c34063-fd5a-4931-9b4e-181cc9c05cc3" />
      <TestMethod codeBase="D:\Projetos\techChallenge - Fase 4\MicroServico-Producao\src\Production.Test\bin\Debug\net8.0\Production.Tests.dll" adapterTypeName="executor://xunit/VsTestRunner2/netcoreapp" className="Production.Tests.Domain.ProductionOrders.ProductionOrderTests" name="GetWaitingTimeMinutes_WhenStatusIsCompleted_ShouldReturnTimeFromCompletedAt" />
    </UnitTest>
    <UnitTest name="Production.Tests.Domain.Shared.Entities.EntityTests.Equals_WithSameReference_ShouldReturnTrue" storage="d:\projetos\techchallenge - fase 4\microservico-producao\src\production.test\bin\debug\net8.0\production.tests.dll" id="833604de-a911-3646-815c-45e2b06c8486">
      <Execution id="c0355748-e2f2-4d29-bebb-4bef771c33fb" />
      <TestMethod codeBase="D:\Projetos\techChallenge - Fase 4\MicroServico-Producao\src\Production.Test\bin\Debug\net8.0\Production.Tests.dll" adapterTypeName="executor://xunit/VsTestRunner2/netcoreapp" className="Production.Tests.Domain.Shared.Entities.EntityTests" name="Equals_WithSameReference_ShouldReturnTrue" />
    </UnitTest>
    <UnitTest name="Production.Tests.Infrastructure.Repositories.ProductionOrderRepositoryTests.GetOrdersInProductionAsync_ShouldReturnOrdersInProduction" storage="d:\projetos\techchallenge - fase 4\microservico-producao\src\production.test\bin\debug\net8.0\production.tests.dll" id="b03a6451-eced-50bb-b771-161f8679fdbb">
      <Execution id="3792a68c-2da1-4b7e-b6c6-75061b690cfc" />
      <TestMethod codeBase="D:\Projetos\techChallenge - Fase 4\MicroServico-Producao\src\Production.Test\bin\Debug\net8.0\Production.Tests.dll" adapterTypeName="executor://xunit/VsTestRunner2/netcoreapp" className="Production.Tests.Infrastructure.Repositories.ProductionOrderRepositoryTests" name="GetOrdersInProductionAsync_ShouldReturnOrdersInProduction" />
    </UnitTest>
    <UnitTest name="Production.Tests.Application.Queries.GetOrdersInProductionQueryHandlerTests.Handle_WithValidStatus_ShouldReturnFilteredOrders" storage="d:\projetos\techchallenge - fase 4\microservico-producao\src\production.test\bin\debug\net8.0\production.tests.dll" id="3f89ea4c-8dd0-aec7-947d-200ed64a7dd3">
      <Execution id="6358a68a-8451-4bd9-910d-d36b2ddf2600" />
      <TestMethod codeBase="D:\Projetos\techChallenge - Fase 4\MicroServico-Producao\src\Production.Test\bin\Debug\net8.0\Production.Tests.dll" adapterTypeName="executor://xunit/VsTestRunner2/netcoreapp" className="Production.Tests.Application.Queries.GetOrdersInProductionQueryHandlerTests" name="Handle_WithValidStatus_ShouldReturnFilteredOrders" />
    </UnitTest>
    <UnitTest name="Production.Tests.Infrastructure.Services.SmsNotificationServiceTests.NotifyOrderStatusChangeAsync_WithNullCustomerId_ShouldComplete" storage="d:\projetos\techchallenge - fase 4\microservico-producao\src\production.test\bin\debug\net8.0\production.tests.dll" id="d2ac0dd9-3406-e5be-cc7d-edd41f8c64de">
      <Execution id="13c8fb34-f711-4416-b3b4-abaa3e7ecabb" />
      <TestMethod codeBase="D:\Projetos\techChallenge - Fase 4\MicroServico-Producao\src\Production.Test\bin\Debug\net8.0\Production.Tests.dll" adapterTypeName="executor://xunit/VsTestRunner2/netcoreapp" className="Production.Tests.Infrastructure.Services.SmsNotificationServiceTests" name="NotifyOrderStatusChangeAsync_WithNullCustomerId_ShouldComplete" />
    </UnitTest>
    <UnitTest name="Production.Tests.Infrastructure.Services.OrderServiceClientTests.UpdateOrderStatusAsync_WithException_ShouldReturnFalse" storage="d:\projetos\techchallenge - fase 4\microservico-producao\src\production.test\bin\debug\net8.0\production.tests.dll" id="3dc5bd22-81c5-9d8b-ba03-ca2c4fa374cf">
      <Execution id="49eb9f1f-5d77-484f-916b-cb2af04eb915" />
      <TestMethod codeBase="D:\Projetos\techChallenge - Fase 4\MicroServico-Producao\src\Production.Test\bin\Debug\net8.0\Production.Tests.dll" adapterTypeName="executor://xunit/VsTestRunner2/netcoreapp" className="Production.Tests.Infrastructure.Services.OrderServiceClientTests" name="UpdateOrderStatusAsync_WithException_ShouldReturnFalse" />
    </UnitTest>
    <UnitTest name="Production.Tests.Domain.ProductionOrders.ProductionOrderTests.UpdateStatus_WhenStatusIsCompleted_ShouldThrowException" storage="d:\projetos\techchallenge - fase 4\microservico-producao\src\production.test\bin\debug\net8.0\production.tests.dll" id="9c731066-4b19-59d0-f2cd-13b0b14f60ce">
      <Execution id="37e32b1b-f742-4393-8565-bcec50c04dae" />
      <TestMethod codeBase="D:\Projetos\techChallenge - Fase 4\MicroServico-Producao\src\Production.Test\bin\Debug\net8.0\Production.Tests.dll" adapterTypeName="executor://xunit/VsTestRunner2/netcoreapp" className="Production.Tests.Domain.ProductionOrders.ProductionOrderTests" name="UpdateStatus_WhenStatusIsCompleted_ShouldThrowException" />
    </UnitTest>
    <UnitTest name="Production.Tests.Domain.ProductionOrders.ProductionOrderTests.UpdateStatus_WithInPreparationWhenAlreadyStarted_ShouldNotChangeStartedAt" storage="d:\projetos\techchallenge - fase 4\microservico-producao\src\production.test\bin\debug\net8.0\production.tests.dll" id="ca4f6474-acb4-1447-57bd-980c1c4d547a">
      <Execution id="07d27272-1e14-453b-aa04-ba7918f1931b" />
      <TestMethod codeBase="D:\Projetos\techChallenge - Fase 4\MicroServico-Producao\src\Production.Test\bin\Debug\net8.0\Production.Tests.dll" adapterTypeName="executor://xunit/VsTestRunner2/netcoreapp" className="Production.Tests.Domain.ProductionOrders.ProductionOrderTests" name="UpdateStatus_WithInPreparationWhenAlreadyStarted_ShouldNotChangeStartedAt" />
    </UnitTest>
    <UnitTest name="Production.Tests.Domain.ProductionOrders.ProductionOrderTests.Complete_WhenStatusIsReady_ShouldComplete" storage="d:\projetos\techchallenge - fase 4\microservico-producao\src\production.test\bin\debug\net8.0\production.tests.dll" id="88eeb556-9b14-a88a-4990-86e18f4b6dab">
      <Execution id="0c3fa0d0-d669-4894-9df9-f2f721644bf2" />
      <TestMethod codeBase="D:\Projetos\techChallenge - Fase 4\MicroServico-Producao\src\Production.Test\bin\Debug\net8.0\Production.Tests.dll" adapterTypeName="executor://xunit/VsTestRunner2/netcoreapp" className="Production.Tests.Domain.ProductionOrders.ProductionOrderTests" name="Complete_WhenStatusIsReady_ShouldComplete" />
    </UnitTest>
[...]
      <Execution id="f4db09f7-2df6-4fe3-9894-6a5fe81a5250" />
      <TestMethod codeBase="D:\Projetos\techChallenge - Fase 4\MicroServico-Producao\src\Production.Test\bin\Debug\net8.0\Production.Tests.dll" adapterTypeName="executor://xunit/VsTestRunner2/netcoreapp" className="Production.Tests.Application.Queries.GetOrdersInProductionQueryHandlerTests" name="Handle_WithInvalidStatus_ShouldReturnAllOrdersInProduction" />
    </UnitTest>
    <UnitTest name="Production.Tests.Domain.Shared.Entities.EntityTests.Constructor_ShouldSetIdAndCreatedAt" storage="d:\projetos\techchallenge - fase 4\microservico-producao\src\production.test\bin\debug\net8.0\production.tests.dll" id="fb08a6f8-96cb-0cc1-c05a-a432b0c28e5b">
      <Execution id="1732d4c0-dcf1-4185-8bd5-dadd3a53981b" />
      <TestMethod codeBase="D:\Projetos\techChallenge - Fase 4\MicroServico-Producao\src\Production.Test\bin\Debug\net8.0\Production.Tests.dll" adapterTypeName="executor://xunit/VsTestRunner2/netcoreapp" className="Production.Tests.Domain.Shared.Entities.EntityTests" name="Constructor_ShouldSetIdAndCreatedAt" />
    </UnitTest>
    <UnitTest name="Production.Tests.Domain.ProductionOrders.ProductionOrderTests.StartPreparation_WhenStatusIsNotReceived_ShouldThrowException" storage="d:\projetos\techchallenge - fase 4\microservico-producao\src\production.test\bin\debug\net8.0\production.tests.dll" id="5962ee1a-3a5f-b1a7-3404-e627cf0c060f">
      <Execution id="4046208a-c4c7-42c9-819a-10c4402722f5" />
      <TestMethod codeBase="D:\Projetos\techChallenge - Fase 4\MicroServico-Producao\src\Production.Test\bin\Debug\net8.0\Production.Tests.dll" adapterTypeName="executor://xunit/VsTestRunner2/netcoreapp" className="Production.Tests.Domain.ProductionOrders.ProductionOrderTests" name="StartPreparation_WhenStatusIsNotReceived_ShouldThrowException" />
    </UnitTest>
    <UnitTest name="Production.Tests.Api.Models.ErrorResponseTests.Constructor_WithSingleError_ShouldAddErrorToList" storage="d:\projetos\techchallenge - fase 4\microservico-producao\src\production.test\bin\debug\net8.0\production.tests.dll" id="a0673832-5bef-6259-ca5b-eea02188cfe2">
      <Execution id="ba97171e-2263-4af9-9d32-e7757c9cfdf2" />
      <TestMethod codeBase="D:\Projetos\techChallenge - Fase 4\MicroServico-Producao\src\Production.Test\bin\Debug\net8.0\Production.Tests.dll" adapterTypeName="executor://xunit/VsTestRunner2/netcoreapp" className="Production.Tests.Api.Models.ErrorResponseTests" name="Constructor_WithSingleError_ShouldAddErrorToList" />
    </UnitTest>
  </TestDefinitions>
  <TestEntries>
    <TestEntry testId="de193ac9-78c0-4a3f-f287-fbdde1b32dfb" executionId="f77f54e1-fe5b-4d20-a9ff-46b67f1253b6" testListId="8c84fa94-04c1-424b-9868-57a2d4851a1d" />
    <TestEntry testId="fb08a6f8-96cb-0cc1-c05a-a432b0c28e5b" executionId="1732d4c0-dcf1-4185-8bd5-dadd3a53981b" testListId="8c84fa94-04c1-424b-9868-57a2d4851a1d" />
    <TestEntry testId="7f2aa693-4479-6516-6a37-8739f6a5dde9" executionId="d88a5184-0730-4ee9-8f6f-bb0cb9e9c31e" testListId="8c84fa94-04c1-424b-9868-57a2d4851a1d" />
    <TestEntry testId="0bd52fb8-f218-b36f-7485-214f7942bed2" executionId="af4a1dbc-8c8a-4d66-97a7-6f65694b4ec2" testListId="8c84fa94-04c1-424b-9868-57a2d4851a1d" />
    <TestEntry testId="b02c9e30-e63a-39c6-d8c8-d20a9c8c032e" executionId="86125685-eaa1-445f-aaf3-b181fdd7f126" testListId="8c84fa94-04c1-424b-9868-57a2d4851a1d" />
    <TestEntry testId="b65f9b1e-657e-1414-44e0-1d4a28a988bb" executionId="c81cd260-1096-48b4-90b7-2d17244f8cb0" testListId="8c84fa94-04c1-424b-9868-57a2d4851a1d" />
    <TestEntry testId="595d844e-b849-da6d-342d-cae9d12b5e13" executionId="4f4ab73e-59d7-4bdf-a58a-0b293bb55301" testListId="8c84fa94-04c1-424b-9868-57a2d4851a1d" />
    <TestEntry testId="39705c4e-c78f-9f04-d3c9-a84430ffe991" executionId="e67c3640-5251-4cbc-bfb1-7f59311fb6a8" testListId="8c84fa94-04c1-424b-9868-57a2d4851a1d" />
    <TestEntry testId="3145cb42-1c89-82a7-e5bd-cb73f35e9d28" executionId="b2e9ce92-520f-4843-ab9e-b12c4444ff4d" testListId="8c84fa94-04c1-424b-9868-57a2d4851a1d" />
    <TestEntry testId="c1caecdf-093d-9b40-e4d8-eaef7cf36f63" executionId="adc3b421-1e05-4804-864f-2d1e56cf1c57" testListId="8c84fa94-04c1-424b-9868-57a2d4851a1d" />
    <TestEntry testId="d16fe068-554e-eded-511c-3c682916e131" executionId="34b0f43c-f796-4898-90d2-ddb4b3d6ba46" testListId="8c84fa94-04c1-424b-9868-57a2d4851a1d" />
    <TestEntry testId="e4de8d04-de0a-4fd9-7686-510b4fe67317" executionId="17f694b3-3ee2-4812-af90-16f569b5bf31" testListId="8c84fa94-04c1-424b-9868-57a2d4851a1d" />
    <TestEntry testId="98621e4d-78ff-3411-bb11-ecb5ba523d23" executionId="28c3de7b-a625-4de4-9ad3-c7bb215a2560" testListId="8c84fa94-04c1-424b-9868-57a2d4851a1d" />
    <TestEntry testId="4db0967a-fd83-907c-ba58-422e1067c3f8" executionId="d1796e00-b47f-4831-a361-3d946684473c" testListId="8c84fa94-04c1-424b-9868-57a2d4851a1d" />
    <TestEntry testId="33f4f10c-a351-9734-ca2d-67bffc468cdb" executionId="69a24d3e-c5a3-4d96-8570-6fe2a5b4d272" testListId="8c84fa94-04c1-424b-9868-57a2d4851a1d" />
    <TestEntry testId="8c5d5da3-c665-2488-fae0-4821ed44dd5a" executionId="60c1d4a8-7668-4540-a43b-66b851e72049" testListId="8c84fa94-04c1-424b-9868-57a2d4851a1d" />
    <TestEntry testId="a776f73e-4caf-3d14-d0f2-bcead042845c" executionId="a2d914c7-72eb-4ee5-b632-96f2a35f1810" testListId="8c84fa94-04c1-424b-9868-57a2d4851a1d" />
    <TestEntry testId="9c731066-4b19-59d0-f2cd-13b0b14f60ce" executionId="37e32b1b-f742-4393-8565-bcec50c04dae" testListId="8c84fa94-04c1-424b-9868-57a2d4851a1d" />
    <TestEntry testId="f0ff437c-0ebd-253c-9d63-62fa4c456400" executionId="70eb946d-4171-46d7-b4fe-86130e0c51e3" testListId="8c84fa94-04c1-424b-9868-57a2d4851a1d" />
    <TestEntry testId="7cc0d0ba-6649-9802-f01a-bc0bdc3b6ed9" executionId="c5bdf7d7-fa6f-4cf6-8cb2-96a673087628" testListId="8c84fa94-04c1-424b-9868-57a2d4851a1d" />
    <TestEntry testId="b03a6451-eced-50bb-b771-161f8679fdbb" executionId="3792a68c-2da1-4b7e-b6c6-75061b690cfc" testListId="8c84fa94-04c1-424b-9868-57a2d4851a1d" />
    <TestEntry testId="58aa29f2-e2dd-539e-f1c8-4255cad011b6" executionId="f4db09f7-2df6-4fe3-9894-6a5fe81a5250" testListId="8c84fa94-04c1-424b-9868-57a2d4851a1d" />
    <TestEntry testId="194ab82f-ec8a-449b-aa07-7e923cbd9034" executionId="78f8d66d-4254-42d8-bcae-7ae64c0cd0fb" testListId="8c84fa94-04c1-424b-9868-57a2d4851a1d" />
    <TestEntry testId="6bfebc20-a9e0-8a63-6ce3-45b6b933b8d3" executionId="019ae1db-50a9-40d6-9c5d-6776568d64d9" testListId="8c84fa94-04c1-424b-9868-57a2d4851a1d" />
    <TestEntry testId="88eeb556-9b14-a88a-4990-86e18f4b6dab" executionId="0c3fa0d0-d669-4894-9df9-f2f721644bf2" testListId="8c84fa94-04c1-424b-9868-57a2d4851a1d" />
    <TestEntry testId="2cfba34c-a27f-cc47-cbef-37aeaf0aa770" executionId="00eed3b3-5551-4765-b38a-8d2e51611d3f" testListId="8c84fa94-04c1-424b-9868-57a2d4851a1d" />
    <TestEntry testId="1ce653d4-80e9-2667-46b3-1be4c1377470" executionId="c35d232b-0cbc-45c2-9e19-3407758b23f3" testListId="8c84fa94-04c1-424b-9868-57a2d4851a1d" />
    <TestEntry testId="17c10514-4010-a64e-d39a-83073bcbbb0d" executionId="fb6051d3-1ce7-4626-95ca-86787086e961" testListId="8c84fa94-04c1-424b-9868-57a2d4851a1d" />
    <TestEntry testId="17e55ad3-dc58-0a6f-79eb-a94ce2a689fb" executionId="a4f6b3c6-352e-4e16-a9f4-8f4366065ec9" testListId="8c84fa94-04c1-424b-9868-57a2d4851a1d" />
    <TestEntry testId="93b41cb6-c3c4-2950-56a2-21642de45c62" executionId="ce9970df-71c6-4208-9b28-743e88dc1bb4" testListId="8c84fa94-04c1-424b-9868-57a2d4851a1d" />
    <TestEntry testId="0a8807f3-f703-ae54-f2f0-534876cfde53" executionId="308c5831-791b-4bba-b34b-80c42ee30978" testListId="8c84fa94-04c1-424b-9868-57a2d4851a1d" />
    <TestEntry testId="ca4f6474-acb4-1447-57bd-980c1c4d547a" executionId="07d27272-1e14-453b-aa04-ba7918f1931b" testListId="8c84fa94-04c1-424b-9868-57a2d4851a1d" />
    <TestEntry testId="b73d12a9-733d-88e4-fe21-15154e9b00c0" executionId="86643479-5521-43cf-98dd-3a51aac86a3d" testListId="8c84fa94-04c1-424b-9868-57a2d4851a1d" />
    <TestEntry testId="fee2a771-b308-e377-30a5-efa794dc153f" executionId="e3fd9a51-9406-43b2-9619-43acdd820f68" testListId="8c84fa94-04c1-424b-9868-57a2d4851a1d" />
    <TestEntry testId="a0673832-5bef-6259-ca5b-eea02188cfe2" executionId="ba97171e-2263-4af9-9d32-e7757c9cfdf2" testListId="8c84fa94-04c1-424b-9868-57a2d4851a1d" />
    <TestEntry testId="87701e49-8c4c-46d7-db95-1e415be97fef" executionId="ead6d7d2-0ded-4064-be1a-b5c21743a8bd" testListId="8c84fa94-04c1-424b-9868-57a2d4851a1d" />
    <TestEntry testId="ddf63f93-a23f-c195-36dd-6be1cdba694e" executionId="c02dd710-f30d-4add-b5ae-6755df1c16f5" testListId="8c84fa94-04c1-424b-9868-57a2d4851a1d" />
    <TestEntry testId="58bcd6a0-f995-0857-2200-34cfd5657efa" executionId="3bf9b59c-d181-49c7-a474-9263622f6542" testListId="8c84fa94-04c1-424b-9868-57a2d4851a1d" />
    <TestEntry testId="3f30fe0c-a1ef-e206-9666-b6495f92ccb1" executionId="21150fb1-59c0-4541-83c6-ece5b1733ef4" testListId="8c84fa94-04c1-424b-9868-57a2d4851a1d" />
    <TestEntry testId="a3283fe9-ab2b-c181-6575-c0b8bb455826" executionId="232a3848-4e1b-4fef-93bc-6197ab3b483c" testListId="8c84fa94-04c1-424b-9868-57a2d4851a1d" />
    <TestEntry testId="3a7e7cca-25f9-7d3c-99e8-7c93b8aa1098" executionId="d6b23e06-e3ba-40f8-b192-f4ef7602023b" testListId="8c84fa94-04c1-424b-9868-57a2d4851a1d" />
    <TestEntry testId="18f4bf04-7e22-9c62-4aa7-6a412146fef3" executionId="69239b72-204b-48b8-8079-e36dfed402b0" testListId="8c84fa94-04c1-424b-9868-57a2d4851a1d" />
    <TestEntry testId="3f89ea4c-8dd0-aec7-947d-200ed64a7dd3" executionId="6358a68a-8451-4bd9-910d-d36b2ddf2600" testListId="8c84fa94-04c1-424b-9868-57a2d4851a1d" />
    <TestEntry testId="28c2905c-736a-abc9-effe-d855eaeba395" executionId="dd3a0dc2-f9dc-453e-9a84-dbace1dd3c8f" testListId="8c84fa94-04c1-424b-9868-57a2d4851a1d" />
    <TestEntry testId="b54e135d-c263-821c-b0d3-e43faf20ef2a" executionId="6a3cf183-1249-4400-8057-ca2948ae304d" testListId="8c84fa94-04c1-424b-9868-57a2d4851a1d" />
    <TestEntry testId="aca65a00-2444-a50f-5b52-455841b50ea6" executionId="fc9660e2-b57b-404a-9253-b22775a24786" testListId="8c84fa94-04c1-424b-9868-57a2d4851a1d" />
    <TestEntry testId="af7c8eb2-4e53-5e83-e5be-0134c0e9ee58" executionId="538dbb05-d615-466e-8237-aa9f5d2e5e02" testListId="8c84fa94-04c1-424b-9868-57a2d4851a1d" />
    <TestEntry testId="368e9ae1-32b1-0d2e-8569-ed650ae89225" executionId="9fdea293-07ff-4a33-874f-357ad2e44a64" testListId="8c84fa94-04c1-424b-9868-57a2d4851a1d" />
    <TestEntry testId="aa90f1d6-2e1f-f55b-742d-ed422f26365e" executionId="71365cc6-f3d6-4cdc-9507-47746b0088a6" testListId="8c84fa94-04c1-424b-9868-57a2d4851a1d" />
    <TestEntry testId="d6579aae-b058-6a0b-e3d2-06acf45049ec" executionId="5b64c004-c9f2-498c-910f-debfe15598ea" testListId="8c84fa94-04c1-424b-9868-57a2d4851a1d" />
    <TestEntry testId="a8b96f39-1532-835e-81da-a7bf0ebeb59a" executionId="e2172acb-4ff4-443d-ac6a-6fc9e534a4cc" testListId="8c84fa94-04c1-424b-9868-57a2d4851a1d" />
    <TestEntry testId="db5ab54e-e75a-ea81-3f69-145bf35a09d3" executionId="4a2f8494-93ec-4439-b11f-47192301bed6" testListId="8c84fa94-04c1-424b-9868-57a2d4851a1d" />
    <TestEntry testId="36271e11-99eb-0e1e-c3e7-cc17241da68a" executionId="6ecbd52b-13d1-4c0e-b400-bb677e1576b8" testListId="8c84fa94-04c1-424b-9868-57a2d4851a1d" />
    <TestEntry testId="2d8a414f-3f86-287b-07b4-2771e5fb5b2a" executionId="db12bc90-043b-4fad-bc9c-593016b614c7" testListId="8c84fa94-04c1-424b-9868-57a2d4851a1d" />
    <TestEntry testId="9978e775-57bd-33cf-c3cc-08a4c587e713" executionId="2a51de79-21dc-4295-9141-7a003f0c6bbb" testListId="8c84fa94-04c1-424b-9868-57a2d4851a1d" />
    <TestEntry testId="eed20927-5707-49ee-b90e-e606fa3041c9" executionId="27df5387-4eab-4b7c-95e5-caa7d6d3fba7" testListId="8c84fa94-04c1-424b-9868-57a2d4851a1d" />
    <TestEntry testId="15d82cc3-9463-af96-8fd3-8ef0a8349f45" executionId="e7943f20-7c16-4736-9c43-04531861958b" testListId="8c84fa94-04c1-424b-9868-57a2d4851a1d" />
    <TestEntry testId="3620263a-5ce2-4455-0d11-8322479dd365" executionId="1438cc18-edd2-4b41-9e19-315035b240ab" testListId="8c84fa94-04c1-424b-9868-57a2d4851a1d" />
    <TestEntry testId="d2ac0dd9-3406-e5be-cc7d-edd41f8c64de" executionId="13c8fb34-f711-4416-b3b4-abaa3e7ecabb" testListId="8c84fa94-04c1-424b-9868-57a2d4851a1d" />
    <TestEntry testId="7cb2394d-8fe2-5662-7165-4ea4209c344e" executionId="29678cd9-8cc4-4148-8266-4c7509aa57bc" testListId="8c84fa94-04c1-424b-9868-57a2d4851a1d" />
    <TestEntry testId="c1f1b654-5ef1-0fb6-4dd2-e529765aad36" executionId="abd28c92-de69-4004-b8f5-c162ff4f8a1e" testListId="8c84fa94-04c1-424b-9868-57a2d4851a1d" />
    <TestEntry testId="c7beb6fe-7d4c-4a8c-6b9d-7ed85572fc35" executionId="5feaa24e-f0d0-44af-a2d3-479ac0da30c6" testListId="8c84fa94-04c1-424b-9868-57a2d4851a1d" />
    <TestEntry testId="76adb1ec-d71b-ba24-374f-c158cfbeb553" executionId="c66536f3-b0f8-4301-9685-0197b61679bc" testListId="8c84fa94-04c1-424b-9868-57a2d4851a1d" />
    <TestEntry testId="d76c1e78-5b85-d9d7-8789-ace936e971ed" executionId="2a2fa04c-0f0b-44f0-a032-6776e6918a51" testListId="8c84fa94-04c1-424b-9868-57a2d4851a1d" />
    <TestEntry testId="444a65b6-f672-164c-96b6-7c355b4fafde" executionId="283a3a47-5546-445e-b09e-065a63971525" testListId="8c84fa94-04c1-424b-9868-57a2d4851a1d" />
    <TestEntry testId="1eb0a205-f8ee-7621-9289-dab52e773454" executionId="3a51d5cf-fa54-4037-a67b-eff727140884" testListId="8c84fa94-04c1-424b-9868-57a2d4851a1d" />
    <TestEntry testId="b063b4cf-0162-7b6c-1591-9c8f0754560c" executionId="247d9a76-16be-4986-94ce-922ecfa43351" testListId="8c84fa94-04c1-424b-9868-57a2d4851a1d" />
    <TestEntry testId="62302ef4-907f-6965-724d-9d724b1a67cc" executionId="74378a83-baf5-4722-94e0-29126b40699d" testListId="8c84fa94-04c1-424b-9868-57a2d4851a1d" />
    <TestEntry testId="8e7f8b4a-3075-88bd-2494-c1835906ae43" executionId="8d91703f-1761-4205-98ef-add2cab55f54" testListId="8c84fa94-04c1-424b-9868-57a2d4851a1d" />
    <TestEntry testId="1a9ab0ba-b397-6def-0889-80b7619b5e0e" executionId="30dd0382-49d5-44b0-bb35-3b0939ac502d" testListId="8c84fa94-04c1-424b-9868-57a2d4851a1d" />
    <TestEntry testId="833604de-a911-3646-815c-45e2b06c8486" executionId="c0355748-e2f2-4d29-bebb-4bef771c33fb" testListId="8c84fa94-04c1-424b-9868-57a2d4851a1d" />
    <TestEntry testId="e864400d-4651-bc38-34d1-bfdf111fd9d5" executionId="af194a86-e870-4664-9686-f2e508af11b0" testListId="8c84fa94-04c1-424b-9868-57a2d4851a1d" />
    <TestEntry testId="baa93d9b-c626-a5b0-8a37-8ddac1cc45bc" executionId="c366d958-028c-4436-ad05-37b2393972ce" testListId="8c84fa94-04c1-424b-9868-57a2d4851a1d" />
    <TestEntry testId="bb99b065-b7fe-2148-71f2-52c54c446feb" executionId="0cd1345b-d31d-4334-ab97-888258a2503a" testListId="8c84fa94-04c1-424b-9868-57a2d4851a1d" />
    <TestEntry testId="b9b52530-63df-a6ba-610b-5bd4860139a0" executionId="06c3a848-6572-422e-b6d4-2bf2d33a0fcd" testListId="8c84fa94-04c1-424b-9868-57a2d4851a1d" />
    <TestEntry testId="bea31792-4877-462b-3de8-1e667139c4bf" executionId="40171054-d0b9-4649-9d7f-0935e9fd3f03" testListId="8c84fa94-04c1-424b-9868-57a2d4851a1d" />
    <TestEntry testId="d51b2e3e-d6a8-98e5-e45b-04b649366132" executionId="770db07c-8c09-4d4f-91b1-5d27493d8c96" testListId="8c84fa94-04c1-424b-9868-57a2d4851a1d" />
    <TestEntry testId="d4047c00-af1f-4c4f-bcab-e08fba55a17a" executionId="7986d985-48c9-46ec-87a6-04f2ec63c02e" testListId="8c84fa94-04c1-424b-9868-57a2d4851a1d" />
    <TestEntry testId="252e1660-7253-55b2-6c62-338bc0799e33" executionId="2f752d9e-14c2-4851-bf4f-f06c493d49bf" testListId="8c84fa94-04c1-424b-9868-57a2d4851a1d" />
    <TestEntry testId="22fc10f4-a477-e835-4f96-2f36165ad298" executionId="8f0e9592-4cd4-48a5-a64e-8d546bb9d83b" testListId="8c84fa94-04c1-424b-9868-57a2d4851a1d" />
    <TestEntry testId="2adf40e2-c528-eab3-29c0-68965efc7b9f" executionId="57b0e126-073c-4b06-9fb4-8cbf6638b3a9" testListId="8c84fa94-04c1-424b-9868-57a2d4851a1d" />
    <TestEntry testId="c283f6c6-bb32-24ec-f865-1583edf83490" executionId="07c34063-fd5a-4931-9b4e-181cc9c05cc3" testListId="8c84fa94-04c1-424b-9868-57a2d4851a1d" />
    <TestEntry testId="708f4c64-0700-b729-4c10-1601b89f342e" executionId="28fe6b79-d970-48cf-bf65-f97631e3ef65" testListId="8c84fa94-04c1-424b-9868-57a2d4851a1d" />
    <TestEntry testId="5962ee1a-3a5f-b1a7-3404-e627cf0c060f" executionId="4046208a-c4c7-42c9-819a-10c4402722f5" testListId="8c84fa94-04c1-424b-9868-57a2d4851a1d" />
    <TestEntry testId="1f15b3fb-7781-dd32-1dd2-05a6ed46dedf" executionId="5e1b0d21-d57e-4a95-abcf-1586bd580223" testListId="8c84fa94-04c1-424b-9868-57a2d4851a1d" />
    <TestEntry testId="54bb5474-107d-4a6a-2d86-d90fee39146e" executionId="727e063a-1914-420c-8e14-3be870668e35" testListId="8c84fa94-04c1-424b-9868-57a2d4851a1d" />
    <TestEntry testId="9655f37a-9ddf-bda0-4a0c-fc3c4b1d7565" executionId="46a53ee9-e191-44b9-8f46-e3181b0492f9" testListId="8c84fa94-04c1-424b-9868-57a2d4851a1d" />
    <TestEntry testId="0494a715-73d2-91f2-d65e-381ef04e8860" executionId="4e4d9f0a-d6ad-4b73-91ec-247aa364e288" testListId="8c84fa94-04c1-424b-9868-57a2d4851a1d" />
    <TestEntry testId="dec50951-d2fd-6368-6841-878fd87d6857" executionId="fe2ea392-ec57-4c64-97ee-371933ff1774" testListId="8c84fa94-04c1-424b-9868-57a2d4851a1d" />
    <TestEntry testId="27d539a0-618e-c963-ab3b-e4b786eca966" executionId="17d0800c-b67d-4940-9ebb-1702dee5abc3" testListId="8c84fa94-04c1-424b-9868-57a2d4851a1d" />
    <TestEntry testId="92710cb6-4cd1-6f7a-4043-3c04d63d5a1a" executionId="385cf22e-2704-48b0-939c-aa1145d2072c" testListId="8c84fa94-04c1-424b-9868-57a2d4851a1d" />
    <TestEntry testId="5707a3ad-e7c3-baab-fc16-2458530f202d" executionId="6fdadad7-38c4-4096-8da8-f3693f321e7a" testListId="8c84fa94-04c1-424b-9868-57a2d4851a1d" />
    <TestEntry testId="45204b26-64ee-fe69-1bad-fb066bda679e" executionId="0bdb5bda-afd4-4a43-b2ac-d2a4d62d3836" testListId="8c84fa94-04c1-424b-9868-57a2d4851a1d" />
    <TestEntry testId="3dc5bd22-81c5-9d8b-ba03-ca2c4fa374cf" executionId="49eb9f1f-5d77-484f-916b-cb2af04eb915" testListId="8c84fa94-04c1-424b-9868-57a2d4851a1d" />
    <TestEntry testId="2e9bbb94-5aa9-3369-c5d3-8e1d59139148" executionId="2c5e1e6f-2895-4651-bd7c-73cbc042981c" testListId="8c84fa94-04c1-424b-9868-57a2d4851a1d" />
    <TestEntry testId="855ebc8b-a54f-9008-1c57-67dc1ea6be88" executionId="61731d0f-30fe-4b4a-b25f-725455f7abf5" testListId="8c84fa94-04c1-424b-9868-57a2d4851a1d" />
  </TestEntries>
  <TestLists>
    <TestList name="Resultados que não estão em uma lista" id="8c84fa94-04c1-424b-9868-57a2d4851a1d" />
    <TestList name="Todos os resultados carregados" id="19431567-8539-422a-85d7-44ee4e166bda" />
  </TestLists>
  <ResultSummary outcome="Completed">
    <Counters total="96" executed="96" passed="96" failed="0" error="0" timeout="0" aborted="0" inconclusive="0" passedButRunAborted="0" notRunnable="0" notExecuted="0" disconnected="0" warning="0" completed="0" inProgress="0" pending="0" />
    <Output>
      <StdOut>[xUnit.net 00:00:00.00] xUnit.net VSTest Adapter v2.5.3.1+6b60a9e56a (64-bit .NET 8.0.22)&#xD;
[xUnit.net 00:00:00.04]   Discovering: Production.Tests&#xD;
[xUnit.net 00:00:00.06]   Discovered:  Production.Tests&#xD;
[xUnit.net 00:00:00.06]   Starting:    Production.Tests&#xD;
[xUnit.net 00:00:00.31]   Finished:    Production.Tests&#xD;
</StdOut>
    </Output>
    <CollectorDataEntries>
      <Collector agentName="AMND" uri="datacollector://microsoft/CoverletCodeCoverage/1.0" collectorDisplayName="XPlat code coverage">
        <UriAttachments>
          <UriAttachment>
            <A href="AMND\coverage.cobertura.xml"></A>
          </UriAttachment>
        </UriAttachments>
      </Collector>
    </CollectorDataEntries>
  </ResultSummary>
</TestRun>